<?xml version="1.0" encoding="utf-8"?>
<TestRun id="1e2e4423-c7e8-4025-ba97-82254e2fba5a" name="@runnervm3ublj 2025-10-01 22:58:47" xmlns="http://microsoft.com/schemas/VisualStudio/TeamTest/2010">
  <Times creation="2025-10-01T22:58:47.1943307+00:00" queuing="2025-10-01T22:58:47.1943308+00:00" start="2025-10-01T22:58:43.7789927+00:00" finish="2025-10-01T22:58:47.3174151+00:00" />
  <TestSettings name="default" id="611050a7-24a0-495f-94e9-835f46178f04">
    <Deployment runDeploymentRoot="_runnervm3ublj_2025-10-01_22_58_47" />
  </TestSettings>
  <Results>
    <UnitTestResult executionId="324a1270-8725-4626-bc1b-ba24d2f75f55" testId="96092dee-936e-b2b3-4f4c-428597ae6b42" testName="LangChainPipeline.Tests.MetricsCollectorTests.ObserveSummary_ShouldCalculateStatistics" computerName="runnervm3ublj" duration="00:00:00.0171412" startTime="2025-10-01T22:58:47.0679518+00:00" endTime="2025-10-01T22:58:47.0679700+00:00" testType="13cdc9d9-ddb5-4fa4-a97d-d965ccfc6d4b" outcome="Passed" testListId="8c84fa94-04c1-424b-9868-57a2d4851a1d" relativeResultsDirectory="324a1270-8725-4626-bc1b-ba24d2f75f55" />
    <UnitTestResult executionId="641e23ea-b390-4867-bac3-a89e39970ecf" testId="bf276d09-1630-9d61-1b33-1e1247b4a1c0" testName="LangChainPipeline.Tests.InputValidatorTests.ValidateAndSanitize_EmptyInput_WhenNotAllowed_ReturnsFailure" computerName="runnervm3ublj" duration="00:00:00.0010957" startTime="2025-10-01T22:58:47.2518995+00:00" endTime="2025-10-01T22:58:47.2518996+00:00" testType="13cdc9d9-ddb5-4fa4-a97d-d965ccfc6d4b" outcome="Passed" testListId="8c84fa94-04c1-424b-9868-57a2d4851a1d" relativeResultsDirectory="641e23ea-b390-4867-bac3-a89e39970ecf" />
    <UnitTestResult executionId="d9b2e795-ea9d-4297-bdcf-f8e9a4221dce" testId="cb1a5d14-777e-60af-5974-6d71cce12a42" testName="LangChainPipeline.Tests.TrackedVectorStoreTests.GetSimilarDocumentsAsync_ShouldReturnMostSimilarDocument" computerName="runnervm3ublj" duration="00:00:00.0246692" startTime="2025-10-01T22:58:47.1548895+00:00" endTime="2025-10-01T22:58:47.1548896+00:00" testType="13cdc9d9-ddb5-4fa4-a97d-d965ccfc6d4b" outcome="Passed" testListId="8c84fa94-04c1-424b-9868-57a2d4851a1d" relativeResultsDirectory="d9b2e795-ea9d-4297-bdcf-f8e9a4221dce" />
    <UnitTestResult executionId="416459aa-89e1-43cd-ad15-985ea45c835f" testId="7cb92dd1-07be-2795-4670-8bbfc22fa0c6" testName="LangChainPipeline.Tests.EventStoreTests.GetVersionAsync_ExistingBranch_ReturnsCurrentVersion" computerName="runnervm3ublj" duration="00:00:00.0092535" startTime="2025-10-01T22:58:47.1705313+00:00" endTime="2025-10-01T22:58:47.1705314+00:00" testType="13cdc9d9-ddb5-4fa4-a97d-d965ccfc6d4b" outcome="Passed" testListId="8c84fa94-04c1-424b-9868-57a2d4851a1d" relativeResultsDirectory="416459aa-89e1-43cd-ad15-985ea45c835f" />
    <UnitTestResult executionId="7d850cf7-4494-4da2-9cf6-e73f04369af6" testId="0ef89d42-02c8-956e-c1ab-86e98a749513" testName="LangChainPipeline.Tests.EventStoreTests.AppendEventsAsync_NewBranch_StoresEventsAndReturnsVersion" computerName="runnervm3ublj" duration="00:00:00.0035642" startTime="2025-10-01T22:58:47.1929112+00:00" endTime="2025-10-01T22:58:47.1929113+00:00" testType="13cdc9d9-ddb5-4fa4-a97d-d965ccfc6d4b" outcome="Passed" testListId="8c84fa94-04c1-424b-9868-57a2d4851a1d" relativeResultsDirectory="7d850cf7-4494-4da2-9cf6-e73f04369af6" />
    <UnitTestResult executionId="1721a45b-77d7-42a0-a760-d82a15916692" testId="a0610798-e2d4-8ccb-05cf-17cc0765c167" testName="LangChainPipeline.Tests.ObjectPoolTests.RentDisposable_ShouldAllowAccessToObject" computerName="runnervm3ublj" duration="00:00:00.0012819" startTime="2025-10-01T22:58:47.2233691+00:00" endTime="2025-10-01T22:58:47.2233692+00:00" testType="13cdc9d9-ddb5-4fa4-a97d-d965ccfc6d4b" outcome="Passed" testListId="8c84fa94-04c1-424b-9868-57a2d4851a1d" relativeResultsDirectory="1721a45b-77d7-42a0-a760-d82a15916692" />
    <UnitTestResult executionId="172dccef-6016-49d8-bd58-c8c57e991298" testId="60f1e3bc-a7ce-7d37-de66-f770e61d77f3" testName="LangChainPipeline.Tests.DistributedTracingTests.AddTag_ShouldAddTagToActivity" computerName="runnervm3ublj" duration="00:00:00.0003184" startTime="2025-10-01T22:58:47.2367055+00:00" endTime="2025-10-01T22:58:47.2367055+00:00" testType="13cdc9d9-ddb5-4fa4-a97d-d965ccfc6d4b" outcome="Passed" testListId="8c84fa94-04c1-424b-9868-57a2d4851a1d" relativeResultsDirectory="172dccef-6016-49d8-bd58-c8c57e991298" />
    <UnitTestResult executionId="9f250aee-99c1-4942-b7b7-ae94d04f6ba5" testId="8d329e73-2475-ca81-5bc8-4daecb5cbd61" testName="LangChainPipeline.Tests.MetricsCollectorTests.SetGauge_ShouldUpdateValue" computerName="runnervm3ublj" duration="00:00:00.0024574" startTime="2025-10-01T22:58:47.0904304+00:00" endTime="2025-10-01T22:58:47.0904305+00:00" testType="13cdc9d9-ddb5-4fa4-a97d-d965ccfc6d4b" outcome="Passed" testListId="8c84fa94-04c1-424b-9868-57a2d4851a1d" relativeResultsDirectory="9f250aee-99c1-4942-b7b7-ae94d04f6ba5" />
    <UnitTestResult executionId="14319e0c-801f-4652-b6a8-5f52a61ae810" testId="fc9492e7-9839-fa97-44fa-af6b852e227a" testName="LangChainPipeline.Tests.DistributedTracingTests.TraceVectorOperation_ShouldCreateActivityWithVectorTags" computerName="runnervm3ublj" duration="00:00:00.0003803" startTime="2025-10-01T22:58:47.2207137+00:00" endTime="2025-10-01T22:58:47.2207138+00:00" testType="13cdc9d9-ddb5-4fa4-a97d-d965ccfc6d4b" outcome="Passed" testListId="8c84fa94-04c1-424b-9868-57a2d4851a1d" relativeResultsDirectory="14319e0c-801f-4652-b6a8-5f52a61ae810" />
    <UnitTestResult executionId="72834057-bb35-41c7-a70c-c4de56e0c3ff" testId="a8eb54ff-4431-021f-5ab0-9b7ef65ba5fa" testName="LangChainPipeline.Tests.DistributedTracingTests.GetTraceId_ShouldReturnCurrentTraceId" computerName="runnervm3ublj" duration="00:00:00.0013990" startTime="2025-10-01T22:58:47.2363329+00:00" endTime="2025-10-01T22:58:47.2363329+00:00" testType="13cdc9d9-ddb5-4fa4-a97d-d965ccfc6d4b" outcome="Passed" testListId="8c84fa94-04c1-424b-9868-57a2d4851a1d" relativeResultsDirectory="72834057-bb35-41c7-a70c-c4de56e0c3ff" />
    <UnitTestResult executionId="315a9cb8-05f9-421d-b016-45c1d5c2cdf0" testId="642b30b4-642d-cea6-1492-1791b08a4797" testName="LangChainPipeline.Tests.DistributedTracingTests.RecordException_ShouldSetErrorStatus" computerName="runnervm3ublj" duration="00:00:00.0012040" startTime="2025-10-01T22:58:47.2123138+00:00" endTime="2025-10-01T22:58:47.2123139+00:00" testType="13cdc9d9-ddb5-4fa4-a97d-d965ccfc6d4b" outcome="Passed" testListId="8c84fa94-04c1-424b-9868-57a2d4851a1d" relativeResultsDirectory="315a9cb8-05f9-421d-b016-45c1d5c2cdf0" />
    <UnitTestResult executionId="e3a37fce-2b73-43fa-9eec-720e0ec941f2" testId="9fe42304-18c5-94c6-3baa-deaeb1e1ebb1" testName="LangChainPipeline.Tests.InputValidatorTests.ValidationContext_Strict_HasStrictSettings" computerName="runnervm3ublj" duration="00:00:00.0052222" startTime="2025-10-01T22:58:47.2460595+00:00" endTime="2025-10-01T22:58:47.2460596+00:00" testType="13cdc9d9-ddb5-4fa4-a97d-d965ccfc6d4b" outcome="Passed" testListId="8c84fa94-04c1-424b-9868-57a2d4851a1d" relativeResultsDirectory="e3a37fce-2b73-43fa-9eec-720e0ec941f2" />
    <UnitTestResult executionId="999001e0-d06d-4fce-a8bf-fe0d0df3bbaf" testId="a004e310-1d81-4846-0f41-0f745c9f5e7a" testName="LangChainPipeline.Tests.InputValidatorTests.ValidateAndSanitize_NormalizesLineEndings_WhenEnabled" computerName="runnervm3ublj" duration="00:00:00.0002073" startTime="2025-10-01T22:58:47.2529946+00:00" endTime="2025-10-01T22:58:47.2529947+00:00" testType="13cdc9d9-ddb5-4fa4-a97d-d965ccfc6d4b" outcome="Passed" testListId="8c84fa94-04c1-424b-9868-57a2d4851a1d" relativeResultsDirectory="999001e0-d06d-4fce-a8bf-fe0d0df3bbaf" />
    <UnitTestResult executionId="a761db73-0f55-4f74-8a1a-229350aedb56" testId="acdc82b2-4c5a-1e78-9f99-42275cbf44d5" testName="LangChainPipeline.Tests.VectorStoreFactoryTests.Create_InMemoryType_ReturnsTrackedVectorStore" computerName="runnervm3ublj" duration="00:00:00.0001481" startTime="2025-10-01T22:58:47.1657364+00:00" endTime="2025-10-01T22:58:47.1657365+00:00" testType="13cdc9d9-ddb5-4fa4-a97d-d965ccfc6d4b" outcome="Passed" testListId="8c84fa94-04c1-424b-9868-57a2d4851a1d" relativeResultsDirectory="a761db73-0f55-4f74-8a1a-229350aedb56" />
    <UnitTestResult executionId="0da0d99e-13e9-4834-9d60-bbd06e271361" testId="65941db0-d5b6-1e73-a8a2-9a1c756e8da7" testName="LangChainPipeline.Tests.InputValidatorTests.ValidateAndSanitize_TrimsWhitespace_WhenEnabled" computerName="runnervm3ublj" duration="00:00:00.0024899" startTime="2025-10-01T22:58:47.2464865+00:00" endTime="2025-10-01T22:58:47.2464866+00:00" testType="13cdc9d9-ddb5-4fa4-a97d-d965ccfc6d4b" outcome="Passed" testListId="8c84fa94-04c1-424b-9868-57a2d4851a1d" relativeResultsDirectory="0da0d99e-13e9-4834-9d60-bbd06e271361" />
    <UnitTestResult executionId="ac258a80-0af9-4b39-9fcb-ab685312953f" testId="65b8fab0-2953-39ed-1e70-723eb056a350" testName="LangChainPipeline.Tests.ObjectPoolTests.WithStringDictionary_ShouldExecuteFuncAndReturn" computerName="runnervm3ublj" duration="00:00:00.0004635" startTime="2025-10-01T22:58:47.2230759+00:00" endTime="2025-10-01T22:58:47.2230760+00:00" testType="13cdc9d9-ddb5-4fa4-a97d-d965ccfc6d4b" outcome="Passed" testListId="8c84fa94-04c1-424b-9868-57a2d4851a1d" relativeResultsDirectory="ac258a80-0af9-4b39-9fcb-ab685312953f" />
    <UnitTestResult executionId="e567ed8d-cc1a-4a95-a6f0-5241c970017c" testId="01a9485f-97a3-0cec-8319-54145c44fc33" testName="LangChainPipeline.Tests.InputValidatorTests.ValidationContext_ToolParameter_HasReasonableDefaults" computerName="runnervm3ublj" duration="00:00:00.0002051" startTime="2025-10-01T22:58:47.2521957+00:00" endTime="2025-10-01T22:58:47.2521958+00:00" testType="13cdc9d9-ddb5-4fa4-a97d-d965ccfc6d4b" outcome="Passed" testListId="8c84fa94-04c1-424b-9868-57a2d4851a1d" relativeResultsDirectory="e567ed8d-cc1a-4a95-a6f0-5241c970017c" />
    <UnitTestResult executionId="19f3ec39-7af1-467c-bf7b-11ad2f388bf9" testId="7eb6c6f0-daa4-3b19-799d-71c8ac3fd823" testName="LangChainPipeline.Tests.DistributedTracingTests.CompleteLlmRequest_ShouldAddCompletionTags" computerName="runnervm3ublj" duration="00:00:00.0005287" startTime="2025-10-01T22:58:47.2141929+00:00" endTime="2025-10-01T22:58:47.2141930+00:00" testType="13cdc9d9-ddb5-4fa4-a97d-d965ccfc6d4b" outcome="Passed" testListId="8c84fa94-04c1-424b-9868-57a2d4851a1d" relativeResultsDirectory="19f3ec39-7af1-467c-bf7b-11ad2f388bf9" />
    <UnitTestResult executionId="a7dd6e18-5bdd-42fe-b9b2-ede9136688cc" testId="0003b62b-3bf5-3733-9bdb-ff12c3c7b095" testName="LangChainPipeline.Tests.ObjectPoolTests.WithStringList_ShouldExecuteFuncAndReturn" computerName="runnervm3ublj" duration="00:00:00.0004061" startTime="2025-10-01T22:58:47.2252536+00:00" endTime="2025-10-01T22:58:47.2252537+00:00" testType="13cdc9d9-ddb5-4fa4-a97d-d965ccfc6d4b" outcome="Passed" testListId="8c84fa94-04c1-424b-9868-57a2d4851a1d" relativeResultsDirectory="a7dd6e18-5bdd-42fe-b9b2-ede9136688cc" />
    <UnitTestResult executionId="12494e8f-0cad-4d99-88dd-68651592e593" testId="6b1d4a1d-17dc-8a68-1f67-db032fae4a4b" testName="LangChainPipeline.Tests.VectorStoreFactoryTests.Create_PineconeTypeWithConnectionString_ThrowsNotImplementedException" computerName="runnervm3ublj" duration="00:00:00.0023280" startTime="2025-10-01T22:58:47.1607666+00:00" endTime="2025-10-01T22:58:47.1607667+00:00" testType="13cdc9d9-ddb5-4fa4-a97d-d965ccfc6d4b" outcome="Passed" testListId="8c84fa94-04c1-424b-9868-57a2d4851a1d" relativeResultsDirectory="12494e8f-0cad-4d99-88dd-68651592e593" />
    <UnitTestResult executionId="95158d4c-e591-41d7-af7f-27f8b8f3f065" testId="6e98f77f-084c-694d-246e-987fe64e0922" testName="LangChainPipeline.Tests.TrackedVectorStoreTests.ClearAsync_ShouldRemoveAllVectors" computerName="runnervm3ublj" duration="00:00:00.0064748" startTime="2025-10-01T22:58:47.1588212+00:00" endTime="2025-10-01T22:58:47.1588213+00:00" testType="13cdc9d9-ddb5-4fa4-a97d-d965ccfc6d4b" outcome="Passed" testListId="8c84fa94-04c1-424b-9868-57a2d4851a1d" relativeResultsDirectory="95158d4c-e591-41d7-af7f-27f8b8f3f065" />
    <UnitTestResult executionId="950e1943-92ab-4a18-9fbd-f1dfead699e3" testId="672989fd-4d48-b43f-bf06-080698682bc8" testName="LangChainPipeline.Tests.InputValidatorTests.ValidateAndSanitize_ValidInput_ReturnsSuccess" computerName="runnervm3ublj" duration="00:00:00.0003020" startTime="2025-10-01T22:58:47.2522812+00:00" endTime="2025-10-01T22:58:47.2522812+00:00" testType="13cdc9d9-ddb5-4fa4-a97d-d965ccfc6d4b" outcome="Passed" testListId="8c84fa94-04c1-424b-9868-57a2d4851a1d" relativeResultsDirectory="950e1943-92ab-4a18-9fbd-f1dfead699e3" />
    <UnitTestResult executionId="3ee844d0-76af-4b86-894a-7e5ea243bd4f" testId="2aac75cc-deb4-4ec8-115f-9cf053b4d3d3" testName="LangChainPipeline.Tests.ObjectPoolTests.ObjectPool_ShouldBeThreadSafe" computerName="runnervm3ublj" duration="00:00:00.0152569" startTime="2025-10-01T22:58:47.2532504+00:00" endTime="2025-10-01T22:58:47.2532505+00:00" testType="13cdc9d9-ddb5-4fa4-a97d-d965ccfc6d4b" outcome="Passed" testListId="8c84fa94-04c1-424b-9868-57a2d4851a1d" relativeResultsDirectory="3ee844d0-76af-4b86-894a-7e5ea243bd4f" />
    <UnitTestResult executionId="71cc8eb8-71c0-4b7a-b619-706c16096eee" testId="7c07eb41-da34-6f38-3190-0c71fc93b507" testName="LangChainPipeline.Tests.EventStoreTests.GetVersionAsync_NonExistentBranch_ReturnsMinusOne" computerName="runnervm3ublj" duration="00:00:00.0005126" startTime="2025-10-01T22:58:47.1929976+00:00" endTime="2025-10-01T22:58:47.1929977+00:00" testType="13cdc9d9-ddb5-4fa4-a97d-d965ccfc6d4b" outcome="Passed" testListId="8c84fa94-04c1-424b-9868-57a2d4851a1d" relativeResultsDirectory="71cc8eb8-71c0-4b7a-b619-706c16096eee" />
    <UnitTestResult executionId="28a55829-a67a-4bf9-b6e6-35c8ee57ac12" testId="a77760fc-e982-b755-09d7-186c38439a62" testName="LangChainPipeline.Tests.VectorStoreFactoryTests.Create_QdrantTypeWithConnectionString_ThrowsNotImplementedException" computerName="runnervm3ublj" duration="00:00:00.0055243" startTime="2025-10-01T22:58:47.1587339+00:00" endTime="2025-10-01T22:58:47.1587340+00:00" testType="13cdc9d9-ddb5-4fa4-a97d-d965ccfc6d4b" outcome="Passed" testListId="8c84fa94-04c1-424b-9868-57a2d4851a1d" relativeResultsDirectory="28a55829-a67a-4bf9-b6e6-35c8ee57ac12" />
    <UnitTestResult executionId="0d9cfbb9-0a52-4278-9c48-fd12234b6322" testId="06fe46e1-fba2-e631-926f-7e4c5aa6df5c" testName="LangChainPipeline.Tests.MetricsCollectorTests.RecordLlmRequest_ShouldTrackTokensAndDuration" computerName="runnervm3ublj" duration="00:00:00.0004499" startTime="2025-10-01T22:58:47.1546307+00:00" endTime="2025-10-01T22:58:47.1546308+00:00" testType="13cdc9d9-ddb5-4fa4-a97d-d965ccfc6d4b" outcome="Passed" testListId="8c84fa94-04c1-424b-9868-57a2d4851a1d" relativeResultsDirectory="0d9cfbb9-0a52-4278-9c48-fd12234b6322" />
    <UnitTestResult executionId="cf88e43f-9750-4f5c-be44-ead12d19354d" testId="d28be55a-f571-cda3-daa7-7023e13fe465" testName="LangChainPipeline.Tests.InputValidatorTests.ValidateAndSanitize_SqlInjectionPatterns_ReturnsFailure(maliciousInput: &quot;1' OR '1'='1&quot;)" computerName="runnervm3ublj" duration="00:00:00.0003315" startTime="2025-10-01T22:58:47.2396998+00:00" endTime="2025-10-01T22:58:47.2396999+00:00" testType="13cdc9d9-ddb5-4fa4-a97d-d965ccfc6d4b" outcome="Passed" testListId="8c84fa94-04c1-424b-9868-57a2d4851a1d" relativeResultsDirectory="cf88e43f-9750-4f5c-be44-ead12d19354d" />
    <UnitTestResult executionId="737caa98-85c6-4d3d-a5d7-7a73ace34cbb" testId="3ffd902f-3313-7ad6-f9a3-ef4a21855352" testName="LangChainPipeline.Tests.ObjectPoolTests.CommonPools_StringBuilder_ShouldClearOnReturn" computerName="runnervm3ublj" duration="00:00:00.0013505" startTime="2025-10-01T22:58:47.2206311+00:00" endTime="2025-10-01T22:58:47.2206312+00:00" testType="13cdc9d9-ddb5-4fa4-a97d-d965ccfc6d4b" outcome="Passed" testListId="8c84fa94-04c1-424b-9868-57a2d4851a1d" relativeResultsDirectory="737caa98-85c6-4d3d-a5d7-7a73ace34cbb" />
    <UnitTestResult executionId="dde411e4-87de-4e63-9de4-0045c1f1fcb4" testId="8eb3b5bc-6a67-05fa-efe8-eb92e4b8bdf0" testName="LangChainPipeline.Tests.EventStoreTests.BranchExistsAsync_ExistingBranch_ReturnsTrue" computerName="runnervm3ublj" duration="00:00:00.0008198" startTime="2025-10-01T22:58:47.1887703+00:00" endTime="2025-10-01T22:58:47.1887703+00:00" testType="13cdc9d9-ddb5-4fa4-a97d-d965ccfc6d4b" outcome="Passed" testListId="8c84fa94-04c1-424b-9868-57a2d4851a1d" relativeResultsDirectory="dde411e4-87de-4e63-9de4-0045c1f1fcb4" />
    <UnitTestResult executionId="c45e5e94-cefb-4302-bf07-223ee6739401" testId="d82fd10e-49c5-31b5-b5fd-57fb66d38d89" testName="LangChainPipeline.Tests.VectorStoreFactoryTests.Create_QdrantTypeWithoutConnectionString_ThrowsInvalidOperationException" computerName="runnervm3ublj" duration="00:00:00.0961752" startTime="2025-10-01T22:58:47.1547909+00:00" endTime="2025-10-01T22:58:47.1547910+00:00" testType="13cdc9d9-ddb5-4fa4-a97d-d965ccfc6d4b" outcome="Passed" testListId="8c84fa94-04c1-424b-9868-57a2d4851a1d" relativeResultsDirectory="c45e5e94-cefb-4302-bf07-223ee6739401" />
    <UnitTestResult executionId="c2f3f79d-f93a-4e66-9aad-6236063a4f1d" testId="fb547dfa-943a-8df0-6cbd-a0c9dd283612" testName="LangChainPipeline.Tests.EventStoreTests.GetEventsAsync_WithFromVersion_ReturnsEventsFromVersion" computerName="runnervm3ublj" duration="00:00:00.0014268" startTime="2025-10-01T22:58:47.1880664+00:00" endTime="2025-10-01T22:58:47.1880665+00:00" testType="13cdc9d9-ddb5-4fa4-a97d-d965ccfc6d4b" outcome="Passed" testListId="8c84fa94-04c1-424b-9868-57a2d4851a1d" relativeResultsDirectory="c2f3f79d-f93a-4e66-9aad-6236063a4f1d" />
    <UnitTestResult executionId="ade3a680-a54f-4653-8d14-e2344b3ba304" testId="92a4266c-b2c7-8e15-57dc-3df859f9bd3e" testName="LangChainPipeline.Tests.VectorStoreFactoryTests.Create_UnsupportedType_ThrowsNotSupportedException" computerName="runnervm3ublj" duration="00:00:00.0025004" startTime="2025-10-01T22:58:47.1590982+00:00" endTime="2025-10-01T22:58:47.1590982+00:00" testType="13cdc9d9-ddb5-4fa4-a97d-d965ccfc6d4b" outcome="Passed" testListId="8c84fa94-04c1-424b-9868-57a2d4851a1d" relativeResultsDirectory="ade3a680-a54f-4653-8d14-e2344b3ba304" />
    <UnitTestResult executionId="ce7407ca-9c90-491f-ad2f-cc4fcb7a931f" testId="f987c446-1e13-b36a-2393-97fab5758277" testName="LangChainPipeline.Tests.DistributedTracingTests.StartActivity_ShouldCreateActivity" computerName="runnervm3ublj" duration="00:00:00.0001211" startTime="2025-10-01T22:58:47.2232814+00:00" endTime="2025-10-01T22:58:47.2232816+00:00" testType="13cdc9d9-ddb5-4fa4-a97d-d965ccfc6d4b" outcome="Passed" testListId="8c84fa94-04c1-424b-9868-57a2d4851a1d" relativeResultsDirectory="ce7407ca-9c90-491f-ad2f-cc4fcb7a931f" />
    <UnitTestResult executionId="1457ce8b-d78f-41c9-bdbc-14142491bc37" testId="1dda650a-ad22-c59b-c48d-1c9e3c35d253" testName="LangChainPipeline.Tests.InputValidatorTests.ValidateAndSanitize_CommandInjectionPatterns_ReturnsFailure(maliciousInput: &quot;cat /etc/passwd&quot;)" computerName="runnervm3ublj" duration="00:00:00.0004607" startTime="2025-10-01T22:58:47.2480948+00:00" endTime="2025-10-01T22:58:47.2480949+00:00" testType="13cdc9d9-ddb5-4fa4-a97d-d965ccfc6d4b" outcome="Passed" testListId="8c84fa94-04c1-424b-9868-57a2d4851a1d" relativeResultsDirectory="1457ce8b-d78f-41c9-bdbc-14142491bc37" />
    <UnitTestResult executionId="de4fd4e7-2885-4bca-9f87-38f6b95c496e" testId="acfd6b3f-e9cd-3887-a739-3d609cddc71c" testName="LangChainPipeline.Tests.ObjectPoolTests.Clear_ShouldRemoveAllObjects" computerName="runnervm3ublj" duration="00:00:00.0003054" startTime="2025-10-01T22:58:47.2216112+00:00" endTime="2025-10-01T22:58:47.2216113+00:00" testType="13cdc9d9-ddb5-4fa4-a97d-d965ccfc6d4b" outcome="Passed" testListId="8c84fa94-04c1-424b-9868-57a2d4851a1d" relativeResultsDirectory="de4fd4e7-2885-4bca-9f87-38f6b95c496e" />
    <UnitTestResult executionId="3fe1a8ec-3849-4d4e-b37d-08f92f52f968" testId="a133617d-3f55-380b-eb3a-88e0209a996e" testName="LangChainPipeline.Tests.DistributedTracingTests.RecordEvent_ShouldAddEventToActivity" computerName="runnervm3ublj" duration="00:00:00.0114766" startTime="2025-10-01T22:58:47.2339069+00:00" endTime="2025-10-01T22:58:47.2339070+00:00" testType="13cdc9d9-ddb5-4fa4-a97d-d965ccfc6d4b" outcome="Passed" testListId="8c84fa94-04c1-424b-9868-57a2d4851a1d" relativeResultsDirectory="3fe1a8ec-3849-4d4e-b37d-08f92f52f968" />
    <UnitTestResult executionId="dd0f0e46-c97e-49c9-af51-50878418a178" testId="e60e5c5a-bd53-bd3f-5490-455ea9a78fc7" testName="LangChainPipeline.Tests.ObjectPoolTests.CommonPools_StringList_ShouldClearOnReturn" computerName="runnervm3ublj" duration="00:00:00.0004539" startTime="2025-10-01T22:58:47.2214226+00:00" endTime="2025-10-01T22:58:47.2214227+00:00" testType="13cdc9d9-ddb5-4fa4-a97d-d965ccfc6d4b" outcome="Passed" testListId="8c84fa94-04c1-424b-9868-57a2d4851a1d" relativeResultsDirectory="dd0f0e46-c97e-49c9-af51-50878418a178" />
    <UnitTestResult executionId="42b53271-3f6b-4dac-98f1-392896fc8709" testId="74da3428-c93d-4462-3433-d9a261ba7c3d" testName="LangChainPipeline.Tests.EventStoreTests.GetEventsAsync_ExistingBranch_ReturnsAllEvents" computerName="runnervm3ublj" duration="00:00:00.0009211" startTime="2025-10-01T22:58:47.2477160+00:00" endTime="2025-10-01T22:58:47.2477161+00:00" testType="13cdc9d9-ddb5-4fa4-a97d-d965ccfc6d4b" outcome="Passed" testListId="8c84fa94-04c1-424b-9868-57a2d4851a1d" relativeResultsDirectory="42b53271-3f6b-4dac-98f1-392896fc8709" />
    <UnitTestResult executionId="2bf12cef-80b7-4ee9-b35a-b96da591946b" testId="c00c7b55-427a-7f17-9321-1df0966c3e2d" testName="LangChainPipeline.Tests.MetricsCollectorTests.MeasureDuration_ShouldRecordElapsedTime" computerName="runnervm3ublj" duration="00:00:00.0204495" startTime="2025-10-01T22:58:47.0879607+00:00" endTime="2025-10-01T22:58:47.0879608+00:00" testType="13cdc9d9-ddb5-4fa4-a97d-d965ccfc6d4b" outcome="Passed" testListId="8c84fa94-04c1-424b-9868-57a2d4851a1d" relativeResultsDirectory="2bf12cef-80b7-4ee9-b35a-b96da591946b" />
    <UnitTestResult executionId="0edccf67-7c29-4c63-a72d-fac50e2042e4" testId="a8058564-099b-13a3-90e6-813b36536a98" testName="LangChainPipeline.Tests.ObjectPoolTests.WithMemoryStream_ShouldExecuteFuncAndReturn" computerName="runnervm3ublj" duration="00:00:00.0009414" startTime="2025-10-01T22:58:47.2270772+00:00" endTime="2025-10-01T22:58:47.2270774+00:00" testType="13cdc9d9-ddb5-4fa4-a97d-d965ccfc6d4b" outcome="Passed" testListId="8c84fa94-04c1-424b-9868-57a2d4851a1d" relativeResultsDirectory="0edccf67-7c29-4c63-a72d-fac50e2042e4" />
    <UnitTestResult executionId="169c15ed-637f-4eca-93e8-5a48f4389b1c" testId="5bda526a-0f24-d399-e24b-9aea2f7e4fdb" testName="LangChainPipeline.Tests.DistributedTracingTests.NestedActivities_ShouldMaintainParentChildRelationship" computerName="runnervm3ublj" duration="00:00:00.0020914" startTime="2025-10-01T22:58:47.2190329+00:00" endTime="2025-10-01T22:58:47.2190330+00:00" testType="13cdc9d9-ddb5-4fa4-a97d-d965ccfc6d4b" outcome="Passed" testListId="8c84fa94-04c1-424b-9868-57a2d4851a1d" relativeResultsDirectory="169c15ed-637f-4eca-93e8-5a48f4389b1c" />
    <UnitTestResult executionId="413b19b0-33fa-41f1-9bb8-4205930a2ef4" testId="113a6072-c16f-bd96-1282-715dbd298438" testName="LangChainPipeline.Tests.MetricsCollectorTests.Reset_ShouldClearAllMetrics" computerName="runnervm3ublj" duration="00:00:00.0028840" startTime="2025-10-01T22:58:47.1009843+00:00" endTime="2025-10-01T22:58:47.1009844+00:00" testType="13cdc9d9-ddb5-4fa4-a97d-d965ccfc6d4b" outcome="Passed" testListId="8c84fa94-04c1-424b-9868-57a2d4851a1d" relativeResultsDirectory="413b19b0-33fa-41f1-9bb8-4205930a2ef4" />
    <UnitTestResult executionId="40050036-78d2-4f9c-94e7-daad685789f3" testId="8ad50eec-3adc-b193-be98-dcd5a0791f5d" testName="LangChainPipeline.Tests.InputValidatorTests.ValidateAndSanitize_EscapesHtml_WhenEnabled" computerName="runnervm3ublj" duration="00:00:00.0003103" startTime="2025-10-01T22:58:47.2531089+00:00" endTime="2025-10-01T22:58:47.2531089+00:00" testType="13cdc9d9-ddb5-4fa4-a97d-d965ccfc6d4b" outcome="Passed" testListId="8c84fa94-04c1-424b-9868-57a2d4851a1d" relativeResultsDirectory="40050036-78d2-4f9c-94e7-daad685789f3" />
    <UnitTestResult executionId="415a95c4-d8a4-4978-bd32-77fc5bfa08c0" testId="83bc5a02-a36c-3731-ace4-06b765f8b4cb" testName="LangChainPipeline.Tests.MetricsCollectorTests.ExportPrometheusFormat_ShouldProduceValidOutput" computerName="runnervm3ublj" duration="00:00:00.0114591" startTime="2025-10-01T22:58:47.1128257+00:00" endTime="2025-10-01T22:58:47.1128258+00:00" testType="13cdc9d9-ddb5-4fa4-a97d-d965ccfc6d4b" outcome="Passed" testListId="8c84fa94-04c1-424b-9868-57a2d4851a1d" relativeResultsDirectory="415a95c4-d8a4-4978-bd32-77fc5bfa08c0" />
    <UnitTestResult executionId="bdff078a-1856-4efa-b081-ce5ee3398739" testId="1289ce24-8944-3ff7-e807-375ecdf0bf4e" testName="LangChainPipeline.Tests.VectorStoreFactoryTests.Constructor_NullConfig_ThrowsArgumentNullException" computerName="runnervm3ublj" duration="00:00:00.0040203" startTime="2025-10-01T22:58:47.1650649+00:00" endTime="2025-10-01T22:58:47.1650650+00:00" testType="13cdc9d9-ddb5-4fa4-a97d-d965ccfc6d4b" outcome="Passed" testListId="8c84fa94-04c1-424b-9868-57a2d4851a1d" relativeResultsDirectory="bdff078a-1856-4efa-b081-ce5ee3398739" />
    <UnitTestResult executionId="8c4f05c1-07d8-4f39-b778-1ff02066d798" testId="edc4b757-66db-0fc3-1b82-f5ed90dc7890" testName="LangChainPipeline.Tests.MetricsCollectorTests.RecordVectorOperation_ShouldTrackOperations" computerName="runnervm3ublj" duration="00:00:00.0005254" startTime="2025-10-01T22:58:47.1545408+00:00" endTime="2025-10-01T22:58:47.1545409+00:00" testType="13cdc9d9-ddb5-4fa4-a97d-d965ccfc6d4b" outcome="Passed" testListId="8c84fa94-04c1-424b-9868-57a2d4851a1d" relativeResultsDirectory="8c4f05c1-07d8-4f39-b778-1ff02066d798" />
    <UnitTestResult executionId="24d3217e-40d2-4e69-9418-38d2a8e0bb2a" testId="f29f70d4-b233-6b7d-ddc6-e4fd869b0bb8" testName="LangChainPipeline.Tests.DistributedTracingTests.TraceLlmRequest_ShouldCreateActivityWithLlmTags" computerName="runnervm3ublj" duration="00:00:00.0002764" startTime="2025-10-01T22:58:47.2205219+00:00" endTime="2025-10-01T22:58:47.2205220+00:00" testType="13cdc9d9-ddb5-4fa4-a97d-d965ccfc6d4b" outcome="Passed" testListId="8c84fa94-04c1-424b-9868-57a2d4851a1d" relativeResultsDirectory="24d3217e-40d2-4e69-9418-38d2a8e0bb2a" />
    <UnitTestResult executionId="811226f9-94fc-4bbd-bfcc-92888616ddcb" testId="e53ab8d9-b94a-ddc0-d2b3-479e25008985" testName="LangChainPipeline.Tests.InputValidatorTests.ValidateAndSanitize_ScriptInjectionPatterns_ReturnsFailure(maliciousInput: &quot;javascript:alert('xss')&quot;)" computerName="runnervm3ublj" duration="00:00:00.0003089" startTime="2025-10-01T22:58:47.2370615+00:00" endTime="2025-10-01T22:58:47.2370616+00:00" testType="13cdc9d9-ddb5-4fa4-a97d-d965ccfc6d4b" outcome="Passed" testListId="8c84fa94-04c1-424b-9868-57a2d4851a1d" relativeResultsDirectory="811226f9-94fc-4bbd-bfcc-92888616ddcb" />
    <UnitTestResult executionId="8a616e93-10e2-4e05-bea0-d769a5b5b0e6" testId="49e324fe-4294-241d-eb3e-a6b2cf35a02c" testName="LangChainPipeline.Tests.DistributedTracingTests.StartActivity_WithTags_ShouldAddTags" computerName="runnervm3ublj" duration="00:00:00.0004657" startTime="2025-10-01T22:58:47.2152393+00:00" endTime="2025-10-01T22:58:47.2152394+00:00" testType="13cdc9d9-ddb5-4fa4-a97d-d965ccfc6d4b" outcome="Passed" testListId="8c84fa94-04c1-424b-9868-57a2d4851a1d" relativeResultsDirectory="8a616e93-10e2-4e05-bea0-d769a5b5b0e6" />
    <UnitTestResult executionId="0fe50a74-20d6-49ca-8fb5-89d0f07aea33" testId="bc592957-f493-2ff3-33e8-e077bd7c6cc5" testName="LangChainPipeline.Tests.VectorStoreFactoryTests.Create_InMemoryTypeLowerCase_ReturnsTrackedVectorStore" computerName="runnervm3ublj" duration="00:00:00.0001386" startTime="2025-10-01T22:58:47.1658326+00:00" endTime="2025-10-01T22:58:47.1658327+00:00" testType="13cdc9d9-ddb5-4fa4-a97d-d965ccfc6d4b" outcome="Passed" testListId="8c84fa94-04c1-424b-9868-57a2d4851a1d" relativeResultsDirectory="0fe50a74-20d6-49ca-8fb5-89d0f07aea33" />
    <UnitTestResult executionId="8db8e83c-2354-4b0c-8223-e5ba25edd54c" testId="a3a2b6ce-f75d-c20c-a21e-30cc28cc5ee0" testName="LangChainPipeline.Tests.ObjectPoolTests.Rent_ShouldReturnNewObject_WhenPoolIsEmpty" computerName="runnervm3ublj" duration="00:00:00.0001593" startTime="2025-10-01T22:58:47.2253537+00:00" endTime="2025-10-01T22:58:47.2253537+00:00" testType="13cdc9d9-ddb5-4fa4-a97d-d965ccfc6d4b" outcome="Passed" testListId="8c84fa94-04c1-424b-9868-57a2d4851a1d" relativeResultsDirectory="8db8e83c-2354-4b0c-8223-e5ba25edd54c" />
    <UnitTestResult executionId="62f0ff20-5a06-4a5c-835e-98aeb80c65b5" testId="e1d8b159-3192-7e5d-5bf5-062a8f3b58a5" testName="LangChainPipeline.Tests.ObjectPoolTests.Return_ShouldInvokeResetAction" computerName="runnervm3ublj" duration="00:00:00.0003378" startTime="2025-10-01T22:58:47.2255426+00:00" endTime="2025-10-01T22:58:47.2255426+00:00" testType="13cdc9d9-ddb5-4fa4-a97d-d965ccfc6d4b" outcome="Passed" testListId="8c84fa94-04c1-424b-9868-57a2d4851a1d" relativeResultsDirectory="62f0ff20-5a06-4a5c-835e-98aeb80c65b5" />
    <UnitTestResult executionId="26a0e201-b72f-4db5-bcc9-4749104125e7" testId="998850e1-0347-73e6-19fb-337fadf3eec9" testName="LangChainPipeline.Tests.MetricsCollectorTests.RecordPipelineExecution_ShouldTrackMetrics" computerName="runnervm3ublj" duration="00:00:00.0020788" startTime="2025-10-01T22:58:47.1542499+00:00" endTime="2025-10-01T22:58:47.1542500+00:00" testType="13cdc9d9-ddb5-4fa4-a97d-d965ccfc6d4b" outcome="Passed" testListId="8c84fa94-04c1-424b-9868-57a2d4851a1d" relativeResultsDirectory="26a0e201-b72f-4db5-bcc9-4749104125e7" />
    <UnitTestResult executionId="a1f3b69a-0ca5-4038-a479-07bd965e0d86" testId="d8e53d97-5e39-c512-70ea-b8a82abd37f3" testName="LangChainPipeline.Tests.DistributedTracingTests.CompleteToolExecution_WithSuccess_ShouldSetOkStatus" computerName="runnervm3ublj" duration="00:00:00.0012846" startTime="2025-10-01T22:58:47.2194384+00:00" endTime="2025-10-01T22:58:47.2194385+00:00" testType="13cdc9d9-ddb5-4fa4-a97d-d965ccfc6d4b" outcome="Passed" testListId="8c84fa94-04c1-424b-9868-57a2d4851a1d" relativeResultsDirectory="a1f3b69a-0ca5-4038-a479-07bd965e0d86" />
    <UnitTestResult executionId="90fa6a03-9113-45ad-ab41-83b6a689c4d6" testId="dfff2e1a-02d7-9b0f-4f75-dd838d27ef31" testName="LangChainPipeline.Tests.VectorStoreFactoryTests.CreateVectorStoreFactory_FromPipelineConfiguration_CreatesFactory" computerName="runnervm3ublj" duration="00:00:00.0054246" startTime="2025-10-01T22:58:47.1589919+00:00" endTime="2025-10-01T22:58:47.1589920+00:00" testType="13cdc9d9-ddb5-4fa4-a97d-d965ccfc6d4b" outcome="Passed" testListId="8c84fa94-04c1-424b-9868-57a2d4851a1d" relativeResultsDirectory="90fa6a03-9113-45ad-ab41-83b6a689c4d6" />
    <UnitTestResult executionId="827c2d53-e5d2-47be-add5-078e6890828f" testId="4275fc27-0f92-086e-df17-23a48b235b25" testName="LangChainPipeline.Tests.ObjectPoolTests.WithStringBuilder_ShouldExecuteActionAndReturn" computerName="runnervm3ublj" duration="00:00:00.0003697" startTime="2025-10-01T22:58:47.2215212+00:00" endTime="2025-10-01T22:58:47.2215213+00:00" testType="13cdc9d9-ddb5-4fa4-a97d-d965ccfc6d4b" outcome="Passed" testListId="8c84fa94-04c1-424b-9868-57a2d4851a1d" relativeResultsDirectory="827c2d53-e5d2-47be-add5-078e6890828f" />
    <UnitTestResult executionId="63df67d5-4c48-4937-bcd8-82462a577f3b" testId="1d5c331d-066c-b4a5-4785-8c5219369361" testName="LangChainPipeline.Tests.InputValidatorTests.ValidateAndSanitize_ScriptInjectionPatterns_ReturnsFailure(maliciousInput: &quot;&lt;iframe src='evil.com'&gt;&lt;/iframe&gt;&quot;)" computerName="runnervm3ublj" duration="00:00:00.0005277" startTime="2025-10-01T22:58:47.2363022+00:00" endTime="2025-10-01T22:58:47.2363023+00:00" testType="13cdc9d9-ddb5-4fa4-a97d-d965ccfc6d4b" outcome="Passed" testListId="8c84fa94-04c1-424b-9868-57a2d4851a1d" relativeResultsDirectory="63df67d5-4c48-4937-bcd8-82462a577f3b" />
    <UnitTestResult executionId="14fc65fd-1204-4e9f-b3a4-798919d76d0f" testId="e8534a93-d132-c86b-cf1b-aae2550183f3" testName="LangChainPipeline.Tests.MetricsCollectorTests.IncrementCounter_SingleIncrement_ShouldTrackValue" computerName="runnervm3ublj" duration="00:00:00.0003126" startTime="2025-10-01T22:58:47.1529200+00:00" endTime="2025-10-01T22:58:47.1529202+00:00" testType="13cdc9d9-ddb5-4fa4-a97d-d965ccfc6d4b" outcome="Passed" testListId="8c84fa94-04c1-424b-9868-57a2d4851a1d" relativeResultsDirectory="14fc65fd-1204-4e9f-b3a4-798919d76d0f" />
    <UnitTestResult executionId="8f50d169-94d7-4707-84eb-f4b62bf1250d" testId="80e6b694-fff1-cf02-0c21-26bf8696c652" testName="LangChainPipeline.Tests.TrackedVectorStoreTests.AddAsync_ShouldAddVectorsToStore" computerName="runnervm3ublj" duration="00:00:00.0082101" startTime="2025-10-01T22:58:47.1608774+00:00" endTime="2025-10-01T22:58:47.1608774+00:00" testType="13cdc9d9-ddb5-4fa4-a97d-d965ccfc6d4b" outcome="Passed" testListId="8c84fa94-04c1-424b-9868-57a2d4851a1d" relativeResultsDirectory="8f50d169-94d7-4707-84eb-f4b62bf1250d" />
    <UnitTestResult executionId="68a40f9f-b9d9-410e-9060-98465655f88f" testId="7a957467-d403-bf3b-a2e2-94218cbd7f23" testName="LangChainPipeline.Tests.InputValidatorTests.ValidateAndSanitize_InputTooShort_ReturnsFailure" computerName="runnervm3ublj" duration="00:00:00.0051756" startTime="2025-10-01T22:58:47.2337963+00:00" endTime="2025-10-01T22:58:47.2337964+00:00" testType="13cdc9d9-ddb5-4fa4-a97d-d965ccfc6d4b" outcome="Passed" testListId="8c84fa94-04c1-424b-9868-57a2d4851a1d" relativeResultsDirectory="68a40f9f-b9d9-410e-9060-98465655f88f" />
    <UnitTestResult executionId="a5cec965-d713-4f94-9431-4338c1af2496" testId="a82fe697-d3ba-e539-bfe9-534bc839fb29" testName="LangChainPipeline.Tests.InputValidatorTests.ValidateAndSanitize_CommandInjectionPatterns_ReturnsFailure(maliciousInput: &quot;$(whoami)&quot;)" computerName="runnervm3ublj" duration="00:00:00.0004242" startTime="2025-10-01T22:58:47.2490003+00:00" endTime="2025-10-01T22:58:47.2490004+00:00" testType="13cdc9d9-ddb5-4fa4-a97d-d965ccfc6d4b" outcome="Passed" testListId="8c84fa94-04c1-424b-9868-57a2d4851a1d" relativeResultsDirectory="a5cec965-d713-4f94-9431-4338c1af2496" />
    <UnitTestResult executionId="8b88206a-8acf-400d-9ffa-38f99bad9c97" testId="3302dfc1-010b-6bf2-aaa9-0e84dbf8e5f7" testName="LangChainPipeline.Tests.EventStoreTests.AppendEventsAsync_WithCorrectExpectedVersion_Succeeds" computerName="runnervm3ublj" duration="00:00:00.0007111" startTime="2025-10-01T22:58:47.1795892+00:00" endTime="2025-10-01T22:58:47.1795893+00:00" testType="13cdc9d9-ddb5-4fa4-a97d-d965ccfc6d4b" outcome="Passed" testListId="8c84fa94-04c1-424b-9868-57a2d4851a1d" relativeResultsDirectory="8b88206a-8acf-400d-9ffa-38f99bad9c97" />
    <UnitTestResult executionId="4efefd8c-a0f2-48bc-a67e-28e3560f879d" testId="70bb9dc4-ec40-9f41-724a-341432294871" testName="LangChainPipeline.Tests.DistributedTracingTests.CompleteToolExecution_WithFailure_ShouldSetErrorStatus" computerName="runnervm3ublj" duration="00:00:00.0001730" startTime="2025-10-01T22:58:47.2345842+00:00" endTime="2025-10-01T22:58:47.2345843+00:00" testType="13cdc9d9-ddb5-4fa4-a97d-d965ccfc6d4b" outcome="Passed" testListId="8c84fa94-04c1-424b-9868-57a2d4851a1d" relativeResultsDirectory="4efefd8c-a0f2-48bc-a67e-28e3560f879d" />
    <UnitTestResult executionId="273a15f1-48e4-4d60-b441-8f38d0c84418" testId="105a01c4-30f1-37e6-769f-bc928a430d34" testName="LangChainPipeline.Tests.EventStoreTests.BranchExistsAsync_NonExistentBranch_ReturnsFalse" computerName="runnervm3ublj" duration="00:00:00.0005162" startTime="2025-10-01T22:58:47.1888568+00:00" endTime="2025-10-01T22:58:47.1888569+00:00" testType="13cdc9d9-ddb5-4fa4-a97d-d965ccfc6d4b" outcome="Passed" testListId="8c84fa94-04c1-424b-9868-57a2d4851a1d" relativeResultsDirectory="273a15f1-48e4-4d60-b441-8f38d0c84418" />
    <UnitTestResult executionId="d4d1e9cb-efd3-456c-95c6-821b9e7035db" testId="4a9f57db-3010-150d-ab05-ed7573abb817" testName="LangChainPipeline.Tests.EventStoreTests.AppendEventsAsync_WithWrongExpectedVersion_ThrowsConcurrencyException" computerName="runnervm3ublj" duration="00:00:00.0122548" startTime="2025-10-01T22:58:47.2629556+00:00" endTime="2025-10-01T22:58:47.2629558+00:00" testType="13cdc9d9-ddb5-4fa4-a97d-d965ccfc6d4b" outcome="Passed" testListId="8c84fa94-04c1-424b-9868-57a2d4851a1d" relativeResultsDirectory="d4d1e9cb-efd3-456c-95c6-821b9e7035db" />
    <UnitTestResult executionId="bec6208d-f4e9-48c7-a340-5cdd144c5fa7" testId="b08deb2e-abf1-f493-681a-19352b25710d" testName="LangChainPipeline.Tests.EventStoreTests.AppendEventsAsync_EmptyList_ReturnsCurrentVersion" computerName="runnervm3ublj" duration="00:00:00.0017052" startTime="2025-10-01T22:58:47.2519963+00:00" endTime="2025-10-01T22:58:47.2519964+00:00" testType="13cdc9d9-ddb5-4fa4-a97d-d965ccfc6d4b" outcome="Passed" testListId="8c84fa94-04c1-424b-9868-57a2d4851a1d" relativeResultsDirectory="bec6208d-f4e9-48c7-a340-5cdd144c5fa7" />
    <UnitTestResult executionId="9b05f904-6837-4d69-b319-b9ad8c91d9f6" testId="fd415ec9-7e80-37df-fbd9-5515a4895749" testName="LangChainPipeline.Tests.EventStoreTests.GetEventsAsync_NonExistentBranch_ReturnsEmptyList" computerName="runnervm3ublj" duration="00:00:00.0028417" startTime="2025-10-01T22:58:47.1819931+00:00" endTime="2025-10-01T22:58:47.1819932+00:00" testType="13cdc9d9-ddb5-4fa4-a97d-d965ccfc6d4b" outcome="Passed" testListId="8c84fa94-04c1-424b-9868-57a2d4851a1d" relativeResultsDirectory="9b05f904-6837-4d69-b319-b9ad8c91d9f6" />
    <UnitTestResult executionId="8e558847-0e30-466f-aef6-731be1caea15" testId="82f27d78-6252-fe53-0239-1f4efa956256" testName="LangChainPipeline.Tests.DistributedTracingTests.ActivityListener_ShouldReceiveCallbacks" computerName="runnervm3ublj" duration="00:00:00.0314586" startTime="2025-10-01T22:58:47.2040669+00:00" endTime="2025-10-01T22:58:47.2040671+00:00" testType="13cdc9d9-ddb5-4fa4-a97d-d965ccfc6d4b" outcome="Passed" testListId="8c84fa94-04c1-424b-9868-57a2d4851a1d" relativeResultsDirectory="8e558847-0e30-466f-aef6-731be1caea15" />
    <UnitTestResult executionId="369bf268-fe1b-4cfc-a661-c0c2099247fa" testId="3b57f12c-a1da-b6da-5330-1e1b0219d292" testName="LangChainPipeline.Tests.MetricsCollectorTests.Singleton_Instance_ShouldReturnSameInstance" computerName="runnervm3ublj" duration="00:00:00.0002016" startTime="2025-10-01T22:58:47.1543371+00:00" endTime="2025-10-01T22:58:47.1543371+00:00" testType="13cdc9d9-ddb5-4fa4-a97d-d965ccfc6d4b" outcome="Passed" testListId="8c84fa94-04c1-424b-9868-57a2d4851a1d" relativeResultsDirectory="369bf268-fe1b-4cfc-a661-c0c2099247fa" />
    <UnitTestResult executionId="4aecb3ed-bbcc-4290-8371-d61e4a7b08e7" testId="d8d123d1-79e6-c3e6-7fcc-047371dea246" testName="LangChainPipeline.Tests.DistributedTracingTests.TraceToolExecution_ShouldCreateActivityWithToolTags" computerName="runnervm3ublj" duration="00:00:00.0017371" startTime="2025-10-01T22:58:47.2231875+00:00" endTime="2025-10-01T22:58:47.2231876+00:00" testType="13cdc9d9-ddb5-4fa4-a97d-d965ccfc6d4b" outcome="Passed" testListId="8c84fa94-04c1-424b-9868-57a2d4851a1d" relativeResultsDirectory="4aecb3ed-bbcc-4290-8371-d61e4a7b08e7" />
    <UnitTestResult executionId="689b8b20-87c0-4dd0-8866-037ab69b35c0" testId="0fd03b2b-d7bb-7962-86bb-7ac6eef8adef" testName="LangChainPipeline.Tests.EventStoreTests.AppendEventsAsync_MultipleConcurrentWrites_MaintainsConsistency" computerName="runnervm3ublj" duration="00:00:00.0497745" startTime="2025-10-01T22:58:47.2461600+00:00" endTime="2025-10-01T22:58:47.2461601+00:00" testType="13cdc9d9-ddb5-4fa4-a97d-d965ccfc6d4b" outcome="Passed" testListId="8c84fa94-04c1-424b-9868-57a2d4851a1d" relativeResultsDirectory="689b8b20-87c0-4dd0-8866-037ab69b35c0" />
    <UnitTestResult executionId="1042d838-e182-487e-a78d-897bee977a2f" testId="c0a344b5-a892-4e0a-c182-f8d5e5b08f71" testName="LangChainPipeline.Tests.InputValidatorTests.ValidateAndSanitize_InputTooLong_ReturnsFailure" computerName="runnervm3ublj" duration="00:00:00.0004757" startTime="2025-10-01T22:58:47.2523785+00:00" endTime="2025-10-01T22:58:47.2523786+00:00" testType="13cdc9d9-ddb5-4fa4-a97d-d965ccfc6d4b" outcome="Passed" testListId="8c84fa94-04c1-424b-9868-57a2d4851a1d" relativeResultsDirectory="1042d838-e182-487e-a78d-897bee977a2f" />
    <UnitTestResult executionId="6dfae633-9802-4ed2-9911-6af4ba355f17" testId="393b32a5-a7fd-821c-6072-9d7e150027b6" testName="LangChainPipeline.Tests.MetricsCollectorTests.IncrementCounter_MultipleIncrements_ShouldAccumulate" computerName="runnervm3ublj" duration="00:00:00.0009204" startTime="2025-10-01T22:58:47.1544191+00:00" endTime="2025-10-01T22:58:47.1544191+00:00" testType="13cdc9d9-ddb5-4fa4-a97d-d965ccfc6d4b" outcome="Passed" testListId="8c84fa94-04c1-424b-9868-57a2d4851a1d" relativeResultsDirectory="6dfae633-9802-4ed2-9911-6af4ba355f17" />
    <UnitTestResult executionId="ac065bbf-366c-4205-b625-15ce870c6506" testId="576f6b4b-3f99-d5da-c909-3c76f460904b" testName="LangChainPipeline.Tests.MetricsCollectorTests.RecordToolExecution_ShouldTrackMetrics" computerName="runnervm3ublj" duration="00:00:00.0026048" startTime="2025-10-01T22:58:47.0980530+00:00" endTime="2025-10-01T22:58:47.0980531+00:00" testType="13cdc9d9-ddb5-4fa4-a97d-d965ccfc6d4b" outcome="Passed" testListId="8c84fa94-04c1-424b-9868-57a2d4851a1d" relativeResultsDirectory="ac065bbf-366c-4205-b625-15ce870c6506" />
    <UnitTestResult executionId="684153bc-96ea-4df5-98c9-a5c96fb7b6dd" testId="52d350e4-4cd5-228c-5b1e-ea845bc6bc97" testName="LangChainPipeline.Tests.ObjectPoolTests.Return_ShouldAddObjectToPool" computerName="runnervm3ublj" duration="00:00:00.0002080" startTime="2025-10-01T22:58:47.2254537+00:00" endTime="2025-10-01T22:58:47.2254538+00:00" testType="13cdc9d9-ddb5-4fa4-a97d-d965ccfc6d4b" outcome="Passed" testListId="8c84fa94-04c1-424b-9868-57a2d4851a1d" relativeResultsDirectory="684153bc-96ea-4df5-98c9-a5c96fb7b6dd" />
    <UnitTestResult executionId="c284b068-631f-404e-aacb-6975c84f91a6" testId="1df30da6-604e-57a5-da22-bea454426594" testName="LangChainPipeline.Tests.InputValidatorTests.ValidateAndSanitize_ScriptInjectionPatterns_ReturnsFailure(maliciousInput: &quot;&lt;script&gt;alert('xss')&lt;/script&gt;&quot;)" computerName="runnervm3ublj" duration="00:00:00.0005986" startTime="2025-10-01T22:58:47.2360927+00:00" endTime="2025-10-01T22:58:47.2360928+00:00" testType="13cdc9d9-ddb5-4fa4-a97d-d965ccfc6d4b" outcome="Passed" testListId="8c84fa94-04c1-424b-9868-57a2d4851a1d" relativeResultsDirectory="c284b068-631f-404e-aacb-6975c84f91a6" />
    <UnitTestResult executionId="91fb3f5d-f6f5-4c66-a115-5d9d48efcd50" testId="c5bc6d9c-aa88-8210-31a5-b7732b115d7d" testName="LangChainPipeline.Tests.EventStoreTests.DeleteBranchAsync_ExistingBranch_RemovesBranch" computerName="runnervm3ublj" duration="00:00:00.0043451" startTime="2025-10-01T22:58:47.1753478+00:00" endTime="2025-10-01T22:58:47.1753480+00:00" testType="13cdc9d9-ddb5-4fa4-a97d-d965ccfc6d4b" outcome="Passed" testListId="8c84fa94-04c1-424b-9868-57a2d4851a1d" relativeResultsDirectory="91fb3f5d-f6f5-4c66-a115-5d9d48efcd50" />
    <UnitTestResult executionId="2004e555-afe6-4d4d-a6d3-a22750759cc1" testId="a0d91e4b-91f1-6e68-cacd-6a44853dc64c" testName="LangChainPipeline.Tests.DistributedTracingTests.DisableTracing_ShouldStopCreatingActivities" computerName="runnervm3ublj" duration="00:00:00.0002135" startTime="2025-10-01T22:58:47.2346782+00:00" endTime="2025-10-01T22:58:47.2346783+00:00" testType="13cdc9d9-ddb5-4fa4-a97d-d965ccfc6d4b" outcome="Passed" testListId="8c84fa94-04c1-424b-9868-57a2d4851a1d" relativeResultsDirectory="2004e555-afe6-4d4d-a6d3-a22750759cc1" />
    <UnitTestResult executionId="0929202b-3988-41e4-bbef-5f8f01b1d526" testId="b072ebcc-6f24-a56b-58fa-e5b36e059bfa" testName="LangChainPipeline.Tests.InputValidatorTests.ValidateAndSanitize_WithControlCharacters_ReturnsFailure" computerName="runnervm3ublj" duration="00:00:00.0005095" startTime="2025-10-01T22:58:47.2521093+00:00" endTime="2025-10-01T22:58:47.2521094+00:00" testType="13cdc9d9-ddb5-4fa4-a97d-d965ccfc6d4b" outcome="Passed" testListId="8c84fa94-04c1-424b-9868-57a2d4851a1d" relativeResultsDirectory="0929202b-3988-41e4-bbef-5f8f01b1d526" />
    <UnitTestResult executionId="9898ae9e-be81-4da6-a540-4ebaac6e373f" testId="c183d8f9-0894-e428-722d-fe486085c3eb" testName="LangChainPipeline.Tests.TrackedVectorStoreTests.GetAll_ShouldReturnEmptyCollectionInitially" computerName="runnervm3ublj" duration="00:00:00.0001386" startTime="2025-10-01T22:58:47.1589086+00:00" endTime="2025-10-01T22:58:47.1589087+00:00" testType="13cdc9d9-ddb5-4fa4-a97d-d965ccfc6d4b" outcome="Passed" testListId="8c84fa94-04c1-424b-9868-57a2d4851a1d" relativeResultsDirectory="9898ae9e-be81-4da6-a540-4ebaac6e373f" />
    <UnitTestResult executionId="19bf624b-2012-4047-8735-48e39f35079e" testId="b313ade2-3c5e-3190-67bd-4942f351ff25" testName="LangChainPipeline.Tests.DistributedTracingTests.GetSpanId_ShouldReturnCurrentSpanId" computerName="runnervm3ublj" duration="00:00:00.0004160" startTime="2025-10-01T22:58:47.2348927+00:00" endTime="2025-10-01T22:58:47.2348928+00:00" testType="13cdc9d9-ddb5-4fa4-a97d-d965ccfc6d4b" outcome="Passed" testListId="8c84fa94-04c1-424b-9868-57a2d4851a1d" relativeResultsDirectory="19bf624b-2012-4047-8735-48e39f35079e" />
    <UnitTestResult executionId="f41141ea-1af1-484a-96f1-fdefef18c70d" testId="63e40e3e-9489-f08c-6f63-cea0efabf0e0" testName="LangChainPipeline.Tests.DistributedTracingTests.SetStatus_ShouldUpdateActivityStatus" computerName="runnervm3ublj" duration="00:00:00.0031460" startTime="2025-10-01T22:58:47.2106557+00:00" endTime="2025-10-01T22:58:47.2106558+00:00" testType="13cdc9d9-ddb5-4fa4-a97d-d965ccfc6d4b" outcome="Passed" testListId="8c84fa94-04c1-424b-9868-57a2d4851a1d" relativeResultsDirectory="f41141ea-1af1-484a-96f1-fdefef18c70d" />
    <UnitTestResult executionId="7460745e-ffe4-49c6-b155-8fe007da7b8f" testId="bc1d4b98-0ee9-c798-135f-1ce12fda3f61" testName="LangChainPipeline.Tests.VectorStoreFactoryTests.Create_PineconeTypeWithoutConnectionString_ThrowsInvalidOperationException" computerName="runnervm3ublj" duration="00:00:00.0041472" startTime="2025-10-01T22:58:47.1700814+00:00" endTime="2025-10-01T22:58:47.1700816+00:00" testType="13cdc9d9-ddb5-4fa4-a97d-d965ccfc6d4b" outcome="Passed" testListId="8c84fa94-04c1-424b-9868-57a2d4851a1d" relativeResultsDirectory="7460745e-ffe4-49c6-b155-8fe007da7b8f" />
    <UnitTestResult executionId="c7470a4c-d44c-418e-aa15-4fd5cbd3bc04" testId="bc128e3c-b28c-ddf4-920a-3260457bfa64" testName="LangChainPipeline.Tests.DistributedTracingTests.TracePipelineExecution_ShouldCreateActivityWithPipelineTags" computerName="runnervm3ublj" duration="00:00:00.0039607" startTime="2025-10-01T22:58:47.2071189+00:00" endTime="2025-10-01T22:58:47.2071190+00:00" testType="13cdc9d9-ddb5-4fa4-a97d-d965ccfc6d4b" outcome="Passed" testListId="8c84fa94-04c1-424b-9868-57a2d4851a1d" relativeResultsDirectory="c7470a4c-d44c-418e-aa15-4fd5cbd3bc04" />
    <UnitTestResult executionId="ac042ad0-5e7f-431f-9344-6e223db06cb9" testId="41277ad1-e582-7d31-c982-da5d95ee3d51" testName="LangChainPipeline.Tests.MetricsCollectorTests.ObserveHistogram_ShouldCalculateStatistics" computerName="runnervm3ublj" duration="00:00:00.0004151" startTime="2025-10-01T22:58:47.0909076+00:00" endTime="2025-10-01T22:58:47.0909077+00:00" testType="13cdc9d9-ddb5-4fa4-a97d-d965ccfc6d4b" outcome="Passed" testListId="8c84fa94-04c1-424b-9868-57a2d4851a1d" relativeResultsDirectory="ac042ad0-5e7f-431f-9344-6e223db06cb9" />
    <UnitTestResult executionId="221d8295-c03a-489f-92d7-c03ba5fd1180" testId="ab3eb70d-5cb2-992d-8de1-0495a122e100" testName="LangChainPipeline.Tests.InputValidatorTests.ValidateAndSanitize_EmptyInput_WhenAllowed_ReturnsSuccess" computerName="runnervm3ublj" duration="00:00:00.0001444" startTime="2025-10-01T22:58:47.2531951+00:00" endTime="2025-10-01T22:58:47.2531952+00:00" testType="13cdc9d9-ddb5-4fa4-a97d-d965ccfc6d4b" outcome="Passed" testListId="8c84fa94-04c1-424b-9868-57a2d4851a1d" relativeResultsDirectory="221d8295-c03a-489f-92d7-c03ba5fd1180" />
    <UnitTestResult executionId="5ddbf713-7ab0-49d6-a032-cb7aef2fbb56" testId="30a19ec0-49fa-8e84-b4f0-b39d522cc636" testName="LangChainPipeline.Tests.InputValidatorTests.ValidateAndSanitize_CommandInjectionPatterns_ReturnsFailure(maliciousInput: &quot;cmd.exe &amp;&amp; dir&quot;)" computerName="runnervm3ublj" duration="00:00:00.0003578" startTime="2025-10-01T22:58:47.2487658+00:00" endTime="2025-10-01T22:58:47.2487659+00:00" testType="13cdc9d9-ddb5-4fa4-a97d-d965ccfc6d4b" outcome="Passed" testListId="8c84fa94-04c1-424b-9868-57a2d4851a1d" relativeResultsDirectory="5ddbf713-7ab0-49d6-a032-cb7aef2fbb56" />
    <UnitTestResult executionId="c5e875a3-51df-4401-a76a-bca89f453efe" testId="1b46823c-5c46-ef36-78e2-430a9a514a32" testName="LangChainPipeline.Tests.InputValidatorTests.ValidateAndSanitize_SqlInjectionPatterns_ReturnsFailure(maliciousInput: &quot;UNION SELECT * FROM passwords&quot;)" computerName="runnervm3ublj" duration="00:00:00.0002093" startTime="2025-10-01T22:58:47.2397796+00:00" endTime="2025-10-01T22:58:47.2397796+00:00" testType="13cdc9d9-ddb5-4fa4-a97d-d965ccfc6d4b" outcome="Passed" testListId="8c84fa94-04c1-424b-9868-57a2d4851a1d" relativeResultsDirectory="c5e875a3-51df-4401-a76a-bca89f453efe" />
    <UnitTestResult executionId="fe602843-f099-462f-a7f1-ec35d848c5df" testId="4cdd5a57-d93e-2753-37ae-44fd3e2054b8" testName="LangChainPipeline.Tests.ObjectPoolTests.Rent_ShouldReuseReturnedObject" computerName="runnervm3ublj" duration="00:00:00.0013693" startTime="2025-10-01T22:58:47.2191596+00:00" endTime="2025-10-01T22:58:47.2191597+00:00" testType="13cdc9d9-ddb5-4fa4-a97d-d965ccfc6d4b" outcome="Passed" testListId="8c84fa94-04c1-424b-9868-57a2d4851a1d" relativeResultsDirectory="fe602843-f099-462f-a7f1-ec35d848c5df" />
    <UnitTestResult executionId="6663c531-addd-4ae5-a011-523bea311a08" testId="948c21aa-f548-f6e4-9577-5fb87e745e3c" testName="LangChainPipeline.Tests.ObjectPoolTests.RentDisposable_ShouldReturnToPoolOnDispose" computerName="runnervm3ublj" duration="00:00:00.0002819" startTime="2025-10-01T22:58:47.2236765+00:00" endTime="2025-10-01T22:58:47.2236766+00:00" testType="13cdc9d9-ddb5-4fa4-a97d-d965ccfc6d4b" outcome="Passed" testListId="8c84fa94-04c1-424b-9868-57a2d4851a1d" relativeResultsDirectory="6663c531-addd-4ae5-a011-523bea311a08" />
    <UnitTestResult executionId="da0faf67-7f42-474f-a4e1-fb89da8c8648" testId="630ff7ec-0f3d-b56d-bf2d-00c75473c5d6" testName="LangChainPipeline.Tests.InputValidatorTests.ValidateAndSanitize_SqlInjectionPatterns_ReturnsFailure(maliciousInput: &quot;'; DROP TABLE users--&quot;)" computerName="runnervm3ublj" duration="00:00:00.0006505" startTime="2025-10-01T22:58:47.2389049+00:00" endTime="2025-10-01T22:58:47.2389050+00:00" testType="13cdc9d9-ddb5-4fa4-a97d-d965ccfc6d4b" outcome="Passed" testListId="8c84fa94-04c1-424b-9868-57a2d4851a1d" relativeResultsDirectory="da0faf67-7f42-474f-a4e1-fb89da8c8648" />
    <UnitTestResult executionId="e7400878-e3fa-4c6e-b43b-9a90073999f5" testId="edbe40d4-8e32-5e31-a79b-f476f364444c" testName="LangChainPipeline.Tests.InputValidatorTests.ValidateAndSanitize_WithBlockedCharacters_ReturnsFailure" computerName="runnervm3ublj" duration="00:00:00.0008915" startTime="2025-10-01T22:58:47.2475858+00:00" endTime="2025-10-01T22:58:47.2475859+00:00" testType="13cdc9d9-ddb5-4fa4-a97d-d965ccfc6d4b" outcome="Passed" testListId="8c84fa94-04c1-424b-9868-57a2d4851a1d" relativeResultsDirectory="e7400878-e3fa-4c6e-b43b-9a90073999f5" />
    <UnitTestResult executionId="39f9a276-97c6-4b78-8974-35633bf30c59" testId="83ac5c7f-9a56-ba84-2f6b-e17f2a2c780e" testName="LangChainPipeline.Tests.MetricsCollectorTests.IncrementCounter_WithLabels_ShouldTrackSeparately" computerName="runnervm3ublj" duration="00:00:00.0043551" startTime="2025-10-01T22:58:47.0953330+00:00" endTime="2025-10-01T22:58:47.0953331+00:00" testType="13cdc9d9-ddb5-4fa4-a97d-d965ccfc6d4b" outcome="Passed" testListId="8c84fa94-04c1-424b-9868-57a2d4851a1d" relativeResultsDirectory="39f9a276-97c6-4b78-8974-35633bf30c59" />
    <UnitTestResult executionId="bc8e5d8b-b5df-4157-af59-fd2beaf0a46d" testId="68732cac-e9b7-fe1a-01eb-6365e3feaf5e" testName="LangChainPipeline.Tests.ObjectPoolTests.Return_ShouldNotExceedMaxPoolSize" computerName="runnervm3ublj" duration="00:00:00.0002706" startTime="2025-10-01T22:58:47.2256344+00:00" endTime="2025-10-01T22:58:47.2256345+00:00" testType="13cdc9d9-ddb5-4fa4-a97d-d965ccfc6d4b" outcome="Passed" testListId="8c84fa94-04c1-424b-9868-57a2d4851a1d" relativeResultsDirectory="bc8e5d8b-b5df-4157-af59-fd2beaf0a46d" />
  </Results>
  <TestDefinitions>
    <UnitTest name="LangChainPipeline.Tests.ObjectPoolTests.WithStringList_ShouldExecuteFuncAndReturn" storage="/home/runner/work/monadicpipeline/monadicpipeline/src/monadicpipeline.tests/bin/release/net8.0/monadicpipeline.tests.dll" id="0003b62b-3bf5-3733-9bdb-ff12c3c7b095">
      <Execution id="a7dd6e18-5bdd-42fe-b9b2-ede9136688cc" />
      <TestMethod codeBase="/home/runner/work/MonadicPipeline/MonadicPipeline/src/MonadicPipeline.Tests/bin/Release/net8.0/MonadicPipeline.Tests.dll" adapterTypeName="executor://xunit/VsTestRunner2/netcoreapp" className="LangChainPipeline.Tests.ObjectPoolTests" name="WithStringList_ShouldExecuteFuncAndReturn" />
    </UnitTest>
    <UnitTest name="LangChainPipeline.Tests.InputValidatorTests.ValidateAndSanitize_WithControlCharacters_ReturnsFailure" storage="/home/runner/work/monadicpipeline/monadicpipeline/src/monadicpipeline.tests/bin/release/net8.0/monadicpipeline.tests.dll" id="b072ebcc-6f24-a56b-58fa-e5b36e059bfa">
      <Execution id="0929202b-3988-41e4-bbef-5f8f01b1d526" />
      <TestMethod codeBase="/home/runner/work/MonadicPipeline/MonadicPipeline/src/MonadicPipeline.Tests/bin/Release/net8.0/MonadicPipeline.Tests.dll" adapterTypeName="executor://xunit/VsTestRunner2/netcoreapp" className="LangChainPipeline.Tests.InputValidatorTests" name="ValidateAndSanitize_WithControlCharacters_ReturnsFailure" />
    </UnitTest>
    <UnitTest name="LangChainPipeline.Tests.MetricsCollectorTests.RecordToolExecution_ShouldTrackMetrics" storage="/home/runner/work/monadicpipeline/monadicpipeline/src/monadicpipeline.tests/bin/release/net8.0/monadicpipeline.tests.dll" id="576f6b4b-3f99-d5da-c909-3c76f460904b">
      <Execution id="ac065bbf-366c-4205-b625-15ce870c6506" />
      <TestMethod codeBase="/home/runner/work/MonadicPipeline/MonadicPipeline/src/MonadicPipeline.Tests/bin/Release/net8.0/MonadicPipeline.Tests.dll" adapterTypeName="executor://xunit/VsTestRunner2/netcoreapp" className="LangChainPipeline.Tests.MetricsCollectorTests" name="RecordToolExecution_ShouldTrackMetrics" />
    </UnitTest>
    <UnitTest name="LangChainPipeline.Tests.EventStoreTests.GetVersionAsync_ExistingBranch_ReturnsCurrentVersion" storage="/home/runner/work/monadicpipeline/monadicpipeline/src/monadicpipeline.tests/bin/release/net8.0/monadicpipeline.tests.dll" id="7cb92dd1-07be-2795-4670-8bbfc22fa0c6">
      <Execution id="416459aa-89e1-43cd-ad15-985ea45c835f" />
      <TestMethod codeBase="/home/runner/work/MonadicPipeline/MonadicPipeline/src/MonadicPipeline.Tests/bin/Release/net8.0/MonadicPipeline.Tests.dll" adapterTypeName="executor://xunit/VsTestRunner2/netcoreapp" className="LangChainPipeline.Tests.EventStoreTests" name="GetVersionAsync_ExistingBranch_ReturnsCurrentVersion" />
    </UnitTest>
    <UnitTest name="LangChainPipeline.Tests.InputValidatorTests.ValidateAndSanitize_InputTooShort_ReturnsFailure" storage="/home/runner/work/monadicpipeline/monadicpipeline/src/monadicpipeline.tests/bin/release/net8.0/monadicpipeline.tests.dll" id="7a957467-d403-bf3b-a2e2-94218cbd7f23">
      <Execution id="68a40f9f-b9d9-410e-9060-98465655f88f" />
      <TestMethod codeBase="/home/runner/work/MonadicPipeline/MonadicPipeline/src/MonadicPipeline.Tests/bin/Release/net8.0/MonadicPipeline.Tests.dll" adapterTypeName="executor://xunit/VsTestRunner2/netcoreapp" className="LangChainPipeline.Tests.InputValidatorTests" name="ValidateAndSanitize_InputTooShort_ReturnsFailure" />
    </UnitTest>
    <UnitTest name="LangChainPipeline.Tests.DistributedTracingTests.TraceVectorOperation_ShouldCreateActivityWithVectorTags" storage="/home/runner/work/monadicpipeline/monadicpipeline/src/monadicpipeline.tests/bin/release/net8.0/monadicpipeline.tests.dll" id="fc9492e7-9839-fa97-44fa-af6b852e227a">
      <Execution id="14319e0c-801f-4652-b6a8-5f52a61ae810" />
      <TestMethod codeBase="/home/runner/work/MonadicPipeline/MonadicPipeline/src/MonadicPipeline.Tests/bin/Release/net8.0/MonadicPipeline.Tests.dll" adapterTypeName="executor://xunit/VsTestRunner2/netcoreapp" className="LangChainPipeline.Tests.DistributedTracingTests" name="TraceVectorOperation_ShouldCreateActivityWithVectorTags" />
    </UnitTest>
    <UnitTest name="LangChainPipeline.Tests.MetricsCollectorTests.RecordLlmRequest_ShouldTrackTokensAndDuration" storage="/home/runner/work/monadicpipeline/monadicpipeline/src/monadicpipeline.tests/bin/release/net8.0/monadicpipeline.tests.dll" id="06fe46e1-fba2-e631-926f-7e4c5aa6df5c">
      <Execution id="0d9cfbb9-0a52-4278-9c48-fd12234b6322" />
      <TestMethod codeBase="/home/runner/work/MonadicPipeline/MonadicPipeline/src/MonadicPipeline.Tests/bin/Release/net8.0/MonadicPipeline.Tests.dll" adapterTypeName="executor://xunit/VsTestRunner2/netcoreapp" className="LangChainPipeline.Tests.MetricsCollectorTests" name="RecordLlmRequest_ShouldTrackTokensAndDuration" />
    </UnitTest>
    <UnitTest name="LangChainPipeline.Tests.MetricsCollectorTests.RecordVectorOperation_ShouldTrackOperations" storage="/home/runner/work/monadicpipeline/monadicpipeline/src/monadicpipeline.tests/bin/release/net8.0/monadicpipeline.tests.dll" id="edc4b757-66db-0fc3-1b82-f5ed90dc7890">
      <Execution id="8c4f05c1-07d8-4f39-b778-1ff02066d798" />
      <TestMethod codeBase="/home/runner/work/MonadicPipeline/MonadicPipeline/src/MonadicPipeline.Tests/bin/Release/net8.0/MonadicPipeline.Tests.dll" adapterTypeName="executor://xunit/VsTestRunner2/netcoreapp" className="LangChainPipeline.Tests.MetricsCollectorTests" name="RecordVectorOperation_ShouldTrackOperations" />
    </UnitTest>
    <UnitTest name="LangChainPipeline.Tests.ObjectPoolTests.RentDisposable_ShouldAllowAccessToObject" storage="/home/runner/work/monadicpipeline/monadicpipeline/src/monadicpipeline.tests/bin/release/net8.0/monadicpipeline.tests.dll" id="a0610798-e2d4-8ccb-05cf-17cc0765c167">
      <Execution id="1721a45b-77d7-42a0-a760-d82a15916692" />
      <TestMethod codeBase="/home/runner/work/MonadicPipeline/MonadicPipeline/src/MonadicPipeline.Tests/bin/Release/net8.0/MonadicPipeline.Tests.dll" adapterTypeName="executor://xunit/VsTestRunner2/netcoreapp" className="LangChainPipeline.Tests.ObjectPoolTests" name="RentDisposable_ShouldAllowAccessToObject" />
    </UnitTest>
    <UnitTest name="LangChainPipeline.Tests.ObjectPoolTests.ObjectPool_ShouldBeThreadSafe" storage="/home/runner/work/monadicpipeline/monadicpipeline/src/monadicpipeline.tests/bin/release/net8.0/monadicpipeline.tests.dll" id="2aac75cc-deb4-4ec8-115f-9cf053b4d3d3">
      <Execution id="3ee844d0-76af-4b86-894a-7e5ea243bd4f" />
      <TestMethod codeBase="/home/runner/work/MonadicPipeline/MonadicPipeline/src/MonadicPipeline.Tests/bin/Release/net8.0/MonadicPipeline.Tests.dll" adapterTypeName="executor://xunit/VsTestRunner2/netcoreapp" className="LangChainPipeline.Tests.ObjectPoolTests" name="ObjectPool_ShouldBeThreadSafe" />
    </UnitTest>
    <UnitTest name="LangChainPipeline.Tests.VectorStoreFactoryTests.Create_QdrantTypeWithoutConnectionString_ThrowsInvalidOperationException" storage="/home/runner/work/monadicpipeline/monadicpipeline/src/monadicpipeline.tests/bin/release/net8.0/monadicpipeline.tests.dll" id="d82fd10e-49c5-31b5-b5fd-57fb66d38d89">
      <Execution id="c45e5e94-cefb-4302-bf07-223ee6739401" />
      <TestMethod codeBase="/home/runner/work/MonadicPipeline/MonadicPipeline/src/MonadicPipeline.Tests/bin/Release/net8.0/MonadicPipeline.Tests.dll" adapterTypeName="executor://xunit/VsTestRunner2/netcoreapp" className="LangChainPipeline.Tests.VectorStoreFactoryTests" name="Create_QdrantTypeWithoutConnectionString_ThrowsInvalidOperationException" />
    </UnitTest>
    <UnitTest name="LangChainPipeline.Tests.EventStoreTests.GetEventsAsync_NonExistentBranch_ReturnsEmptyList" storage="/home/runner/work/monadicpipeline/monadicpipeline/src/monadicpipeline.tests/bin/release/net8.0/monadicpipeline.tests.dll" id="fd415ec9-7e80-37df-fbd9-5515a4895749">
      <Execution id="9b05f904-6837-4d69-b319-b9ad8c91d9f6" />
      <TestMethod codeBase="/home/runner/work/MonadicPipeline/MonadicPipeline/src/MonadicPipeline.Tests/bin/Release/net8.0/MonadicPipeline.Tests.dll" adapterTypeName="executor://xunit/VsTestRunner2/netcoreapp" className="LangChainPipeline.Tests.EventStoreTests" name="GetEventsAsync_NonExistentBranch_ReturnsEmptyList" />
    </UnitTest>
    <UnitTest name="LangChainPipeline.Tests.EventStoreTests.AppendEventsAsync_WithWrongExpectedVersion_ThrowsConcurrencyException" storage="/home/runner/work/monadicpipeline/monadicpipeline/src/monadicpipeline.tests/bin/release/net8.0/monadicpipeline.tests.dll" id="4a9f57db-3010-150d-ab05-ed7573abb817">
      <Execution id="d4d1e9cb-efd3-456c-95c6-821b9e7035db" />
      <TestMethod codeBase="/home/runner/work/MonadicPipeline/MonadicPipeline/src/MonadicPipeline.Tests/bin/Release/net8.0/MonadicPipeline.Tests.dll" adapterTypeName="executor://xunit/VsTestRunner2/netcoreapp" className="LangChainPipeline.Tests.EventStoreTests" name="AppendEventsAsync_WithWrongExpectedVersion_ThrowsConcurrencyException" />
    </UnitTest>
    <UnitTest name="LangChainPipeline.Tests.DistributedTracingTests.StartActivity_ShouldCreateActivity" storage="/home/runner/work/monadicpipeline/monadicpipeline/src/monadicpipeline.tests/bin/release/net8.0/monadicpipeline.tests.dll" id="f987c446-1e13-b36a-2393-97fab5758277">
      <Execution id="ce7407ca-9c90-491f-ad2f-cc4fcb7a931f" />
      <TestMethod codeBase="/home/runner/work/MonadicPipeline/MonadicPipeline/src/MonadicPipeline.Tests/bin/Release/net8.0/MonadicPipeline.Tests.dll" adapterTypeName="executor://xunit/VsTestRunner2/netcoreapp" className="LangChainPipeline.Tests.DistributedTracingTests" name="StartActivity_ShouldCreateActivity" />
    </UnitTest>
    <UnitTest name="LangChainPipeline.Tests.InputValidatorTests.ValidateAndSanitize_CommandInjectionPatterns_ReturnsFailure(maliciousInput: &quot;cmd.exe &amp;&amp; dir&quot;)" storage="/home/runner/work/monadicpipeline/monadicpipeline/src/monadicpipeline.tests/bin/release/net8.0/monadicpipeline.tests.dll" id="30a19ec0-49fa-8e84-b4f0-b39d522cc636">
      <Execution id="5ddbf713-7ab0-49d6-a032-cb7aef2fbb56" />
      <TestMethod codeBase="/home/runner/work/MonadicPipeline/MonadicPipeline/src/MonadicPipeline.Tests/bin/Release/net8.0/MonadicPipeline.Tests.dll" adapterTypeName="executor://xunit/VsTestRunner2/netcoreapp" className="LangChainPipeline.Tests.InputValidatorTests" name="ValidateAndSanitize_CommandInjectionPatterns_ReturnsFailure" />
    </UnitTest>
    <UnitTest name="LangChainPipeline.Tests.DistributedTracingTests.GetSpanId_ShouldReturnCurrentSpanId" storage="/home/runner/work/monadicpipeline/monadicpipeline/src/monadicpipeline.tests/bin/release/net8.0/monadicpipeline.tests.dll" id="b313ade2-3c5e-3190-67bd-4942f351ff25">
      <Execution id="19bf624b-2012-4047-8735-48e39f35079e" />
      <TestMethod codeBase="/home/runner/work/MonadicPipeline/MonadicPipeline/src/MonadicPipeline.Tests/bin/Release/net8.0/MonadicPipeline.Tests.dll" adapterTypeName="executor://xunit/VsTestRunner2/netcoreapp" className="LangChainPipeline.Tests.DistributedTracingTests" name="GetSpanId_ShouldReturnCurrentSpanId" />
    </UnitTest>
    <UnitTest name="LangChainPipeline.Tests.InputValidatorTests.ValidateAndSanitize_SqlInjectionPatterns_ReturnsFailure(maliciousInput: &quot;1' OR '1'='1&quot;)" storage="/home/runner/work/monadicpipeline/monadicpipeline/src/monadicpipeline.tests/bin/release/net8.0/monadicpipeline.tests.dll" id="d28be55a-f571-cda3-daa7-7023e13fe465">
      <Execution id="cf88e43f-9750-4f5c-be44-ead12d19354d" />
      <TestMethod codeBase="/home/runner/work/MonadicPipeline/MonadicPipeline/src/MonadicPipeline.Tests/bin/Release/net8.0/MonadicPipeline.Tests.dll" adapterTypeName="executor://xunit/VsTestRunner2/netcoreapp" className="LangChainPipeline.Tests.InputValidatorTests" name="ValidateAndSanitize_SqlInjectionPatterns_ReturnsFailure" />
    </UnitTest>
    <UnitTest name="LangChainPipeline.Tests.InputValidatorTests.ValidateAndSanitize_SqlInjectionPatterns_ReturnsFailure(maliciousInput: &quot;UNION SELECT * FROM passwords&quot;)" storage="/home/runner/work/monadicpipeline/monadicpipeline/src/monadicpipeline.tests/bin/release/net8.0/monadicpipeline.tests.dll" id="1b46823c-5c46-ef36-78e2-430a9a514a32">
      <Execution id="c5e875a3-51df-4401-a76a-bca89f453efe" />
      <TestMethod codeBase="/home/runner/work/MonadicPipeline/MonadicPipeline/src/MonadicPipeline.Tests/bin/Release/net8.0/MonadicPipeline.Tests.dll" adapterTypeName="executor://xunit/VsTestRunner2/netcoreapp" className="LangChainPipeline.Tests.InputValidatorTests" name="ValidateAndSanitize_SqlInjectionPatterns_ReturnsFailure" />
    </UnitTest>
    <UnitTest name="LangChainPipeline.Tests.DistributedTracingTests.TracePipelineExecution_ShouldCreateActivityWithPipelineTags" storage="/home/runner/work/monadicpipeline/monadicpipeline/src/monadicpipeline.tests/bin/release/net8.0/monadicpipeline.tests.dll" id="bc128e3c-b28c-ddf4-920a-3260457bfa64">
      <Execution id="c7470a4c-d44c-418e-aa15-4fd5cbd3bc04" />
      <TestMethod codeBase="/home/runner/work/MonadicPipeline/MonadicPipeline/src/MonadicPipeline.Tests/bin/Release/net8.0/MonadicPipeline.Tests.dll" adapterTypeName="executor://xunit/VsTestRunner2/netcoreapp" className="LangChainPipeline.Tests.DistributedTracingTests" name="TracePipelineExecution_ShouldCreateActivityWithPipelineTags" />
    </UnitTest>
    <UnitTest name="LangChainPipeline.Tests.DistributedTracingTests.DisableTracing_ShouldStopCreatingActivities" storage="/home/runner/work/monadicpipeline/monadicpipeline/src/monadicpipeline.tests/bin/release/net8.0/monadicpipeline.tests.dll" id="a0d91e4b-91f1-6e68-cacd-6a44853dc64c">
      <Execution id="2004e555-afe6-4d4d-a6d3-a22750759cc1" />
      <TestMethod codeBase="/home/runner/work/MonadicPipeline/MonadicPipeline/src/MonadicPipeline.Tests/bin/Release/net8.0/MonadicPipeline.Tests.dll" adapterTypeName="executor://xunit/VsTestRunner2/netcoreapp" className="LangChainPipeline.Tests.DistributedTracingTests" name="DisableTracing_ShouldStopCreatingActivities" />
    </UnitTest>
    <UnitTest name="LangChainPipeline.Tests.MetricsCollectorTests.ExportPrometheusFormat_ShouldProduceValidOutput" storage="/home/runner/work/monadicpipeline/monadicpipeline/src/monadicpipeline.tests/bin/release/net8.0/monadicpipeline.tests.dll" id="83bc5a02-a36c-3731-ace4-06b765f8b4cb">
      <Execution id="415a95c4-d8a4-4978-bd32-77fc5bfa08c0" />
      <TestMethod codeBase="/home/runner/work/MonadicPipeline/MonadicPipeline/src/MonadicPipeline.Tests/bin/Release/net8.0/MonadicPipeline.Tests.dll" adapterTypeName="executor://xunit/VsTestRunner2/netcoreapp" className="LangChainPipeline.Tests.MetricsCollectorTests" name="ExportPrometheusFormat_ShouldProduceValidOutput" />
    </UnitTest>
    <UnitTest name="LangChainPipeline.Tests.ObjectPoolTests.WithStringBuilder_ShouldExecuteActionAndReturn" storage="/home/runner/work/monadicpipeline/monadicpipeline/src/monadicpipeline.tests/bin/release/net8.0/monadicpipeline.tests.dll" id="4275fc27-0f92-086e-df17-23a48b235b25">
      <Execution id="827c2d53-e5d2-47be-add5-078e6890828f" />
      <TestMethod codeBase="/home/runner/work/MonadicPipeline/MonadicPipeline/src/MonadicPipeline.Tests/bin/Release/net8.0/MonadicPipeline.Tests.dll" adapterTypeName="executor://xunit/VsTestRunner2/netcoreapp" className="LangChainPipeline.Tests.ObjectPoolTests" name="WithStringBuilder_ShouldExecuteActionAndReturn" />
    </UnitTest>
    <UnitTest name="LangChainPipeline.Tests.VectorStoreFactoryTests.Create_QdrantTypeWithConnectionString_ThrowsNotImplementedException" storage="/home/runner/work/monadicpipeline/monadicpipeline/src/monadicpipeline.tests/bin/release/net8.0/monadicpipeline.tests.dll" id="a77760fc-e982-b755-09d7-186c38439a62">
      <Execution id="28a55829-a67a-4bf9-b6e6-35c8ee57ac12" />
      <TestMethod codeBase="/home/runner/work/MonadicPipeline/MonadicPipeline/src/MonadicPipeline.Tests/bin/Release/net8.0/MonadicPipeline.Tests.dll" adapterTypeName="executor://xunit/VsTestRunner2/netcoreapp" className="LangChainPipeline.Tests.VectorStoreFactoryTests" name="Create_QdrantTypeWithConnectionString_ThrowsNotImplementedException" />
    </UnitTest>
    <UnitTest name="LangChainPipeline.Tests.VectorStoreFactoryTests.Create_InMemoryTypeLowerCase_ReturnsTrackedVectorStore" storage="/home/runner/work/monadicpipeline/monadicpipeline/src/monadicpipeline.tests/bin/release/net8.0/monadicpipeline.tests.dll" id="bc592957-f493-2ff3-33e8-e077bd7c6cc5">
      <Execution id="0fe50a74-20d6-49ca-8fb5-89d0f07aea33" />
      <TestMethod codeBase="/home/runner/work/MonadicPipeline/MonadicPipeline/src/MonadicPipeline.Tests/bin/Release/net8.0/MonadicPipeline.Tests.dll" adapterTypeName="executor://xunit/VsTestRunner2/netcoreapp" className="LangChainPipeline.Tests.VectorStoreFactoryTests" name="Create_InMemoryTypeLowerCase_ReturnsTrackedVectorStore" />
    </UnitTest>
    <UnitTest name="LangChainPipeline.Tests.InputValidatorTests.ValidationContext_ToolParameter_HasReasonableDefaults" storage="/home/runner/work/monadicpipeline/monadicpipeline/src/monadicpipeline.tests/bin/release/net8.0/monadicpipeline.tests.dll" id="01a9485f-97a3-0cec-8319-54145c44fc33">
      <Execution id="e567ed8d-cc1a-4a95-a6f0-5241c970017c" />
      <TestMethod codeBase="/home/runner/work/MonadicPipeline/MonadicPipeline/src/MonadicPipeline.Tests/bin/Release/net8.0/MonadicPipeline.Tests.dll" adapterTypeName="executor://xunit/VsTestRunner2/netcoreapp" className="LangChainPipeline.Tests.InputValidatorTests" name="ValidationContext_ToolParameter_HasReasonableDefaults" />
    </UnitTest>
    <UnitTest name="LangChainPipeline.Tests.TrackedVectorStoreTests.AddAsync_ShouldAddVectorsToStore" storage="/home/runner/work/monadicpipeline/monadicpipeline/src/monadicpipeline.tests/bin/release/net8.0/monadicpipeline.tests.dll" id="80e6b694-fff1-cf02-0c21-26bf8696c652">
      <Execution id="8f50d169-94d7-4707-84eb-f4b62bf1250d" />
      <TestMethod codeBase="/home/runner/work/MonadicPipeline/MonadicPipeline/src/MonadicPipeline.Tests/bin/Release/net8.0/MonadicPipeline.Tests.dll" adapterTypeName="executor://xunit/VsTestRunner2/netcoreapp" className="LangChainPipeline.Tests.TrackedVectorStoreTests" name="AddAsync_ShouldAddVectorsToStore" />
    </UnitTest>
    <UnitTest name="LangChainPipeline.Tests.InputValidatorTests.ValidateAndSanitize_ScriptInjectionPatterns_ReturnsFailure(maliciousInput: &quot;javascript:alert('xss')&quot;)" storage="/home/runner/work/monadicpipeline/monadicpipeline/src/monadicpipeline.tests/bin/release/net8.0/monadicpipeline.tests.dll" id="e53ab8d9-b94a-ddc0-d2b3-479e25008985">
      <Execution id="811226f9-94fc-4bbd-bfcc-92888616ddcb" />
      <TestMethod codeBase="/home/runner/work/MonadicPipeline/MonadicPipeline/src/MonadicPipeline.Tests/bin/Release/net8.0/MonadicPipeline.Tests.dll" adapterTypeName="executor://xunit/VsTestRunner2/netcoreapp" className="LangChainPipeline.Tests.InputValidatorTests" name="ValidateAndSanitize_ScriptInjectionPatterns_ReturnsFailure" />
    </UnitTest>
    <UnitTest name="LangChainPipeline.Tests.DistributedTracingTests.CompleteLlmRequest_ShouldAddCompletionTags" storage="/home/runner/work/monadicpipeline/monadicpipeline/src/monadicpipeline.tests/bin/release/net8.0/monadicpipeline.tests.dll" id="7eb6c6f0-daa4-3b19-799d-71c8ac3fd823">
      <Execution id="19f3ec39-7af1-467c-bf7b-11ad2f388bf9" />
      <TestMethod codeBase="/home/runner/work/MonadicPipeline/MonadicPipeline/src/MonadicPipeline.Tests/bin/Release/net8.0/MonadicPipeline.Tests.dll" adapterTypeName="executor://xunit/VsTestRunner2/netcoreapp" className="LangChainPipeline.Tests.DistributedTracingTests" name="CompleteLlmRequest_ShouldAddCompletionTags" />
    </UnitTest>
    <UnitTest name="LangChainPipeline.Tests.MetricsCollectorTests.RecordPipelineExecution_ShouldTrackMetrics" storage="/home/runner/work/monadicpipeline/monadicpipeline/src/monadicpipeline.tests/bin/release/net8.0/monadicpipeline.tests.dll" id="998850e1-0347-73e6-19fb-337fadf3eec9">
      <Execution id="26a0e201-b72f-4db5-bcc9-4749104125e7" />
      <TestMethod codeBase="/home/runner/work/MonadicPipeline/MonadicPipeline/src/MonadicPipeline.Tests/bin/Release/net8.0/MonadicPipeline.Tests.dll" adapterTypeName="executor://xunit/VsTestRunner2/netcoreapp" className="LangChainPipeline.Tests.MetricsCollectorTests" name="RecordPipelineExecution_ShouldTrackMetrics" />
    </UnitTest>
    <UnitTest name="LangChainPipeline.Tests.EventStoreTests.DeleteBranchAsync_ExistingBranch_RemovesBranch" storage="/home/runner/work/monadicpipeline/monadicpipeline/src/monadicpipeline.tests/bin/release/net8.0/monadicpipeline.tests.dll" id="c5bc6d9c-aa88-8210-31a5-b7732b115d7d">
      <Execution id="91fb3f5d-f6f5-4c66-a115-5d9d48efcd50" />
      <TestMethod codeBase="/home/runner/work/MonadicPipeline/MonadicPipeline/src/MonadicPipeline.Tests/bin/Release/net8.0/MonadicPipeline.Tests.dll" adapterTypeName="executor://xunit/VsTestRunner2/netcoreapp" className="LangChainPipeline.Tests.EventStoreTests" name="DeleteBranchAsync_ExistingBranch_RemovesBranch" />
    </UnitTest>
    <UnitTest name="LangChainPipeline.Tests.ObjectPoolTests.Return_ShouldNotExceedMaxPoolSize" storage="/home/runner/work/monadicpipeline/monadicpipeline/src/monadicpipeline.tests/bin/release/net8.0/monadicpipeline.tests.dll" id="68732cac-e9b7-fe1a-01eb-6365e3feaf5e">
      <Execution id="bc8e5d8b-b5df-4157-af59-fd2beaf0a46d" />
      <TestMethod codeBase="/home/runner/work/MonadicPipeline/MonadicPipeline/src/MonadicPipeline.Tests/bin/Release/net8.0/MonadicPipeline.Tests.dll" adapterTypeName="executor://xunit/VsTestRunner2/netcoreapp" className="LangChainPipeline.Tests.ObjectPoolTests" name="Return_ShouldNotExceedMaxPoolSize" />
    </UnitTest>
    <UnitTest name="LangChainPipeline.Tests.VectorStoreFactoryTests.Create_InMemoryType_ReturnsTrackedVectorStore" storage="/home/runner/work/monadicpipeline/monadicpipeline/src/monadicpipeline.tests/bin/release/net8.0/monadicpipeline.tests.dll" id="acdc82b2-4c5a-1e78-9f99-42275cbf44d5">
      <Execution id="a761db73-0f55-4f74-8a1a-229350aedb56" />
      <TestMethod codeBase="/home/runner/work/MonadicPipeline/MonadicPipeline/src/MonadicPipeline.Tests/bin/Release/net8.0/MonadicPipeline.Tests.dll" adapterTypeName="executor://xunit/VsTestRunner2/netcoreapp" className="LangChainPipeline.Tests.VectorStoreFactoryTests" name="Create_InMemoryType_ReturnsTrackedVectorStore" />
    </UnitTest>
    <UnitTest name="LangChainPipeline.Tests.DistributedTracingTests.AddTag_ShouldAddTagToActivity" storage="/home/runner/work/monadicpipeline/monadicpipeline/src/monadicpipeline.tests/bin/release/net8.0/monadicpipeline.tests.dll" id="60f1e3bc-a7ce-7d37-de66-f770e61d77f3">
      <Execution id="172dccef-6016-49d8-bd58-c8c57e991298" />
      <TestMethod codeBase="/home/runner/work/MonadicPipeline/MonadicPipeline/src/MonadicPipeline.Tests/bin/Release/net8.0/MonadicPipeline.Tests.dll" adapterTypeName="executor://xunit/VsTestRunner2/netcoreapp" className="LangChainPipeline.Tests.DistributedTracingTests" name="AddTag_ShouldAddTagToActivity" />
    </UnitTest>
    <UnitTest name="LangChainPipeline.Tests.ObjectPoolTests.RentDisposable_ShouldReturnToPoolOnDispose" storage="/home/runner/work/monadicpipeline/monadicpipeline/src/monadicpipeline.tests/bin/release/net8.0/monadicpipeline.tests.dll" id="948c21aa-f548-f6e4-9577-5fb87e745e3c">
      <Execution id="6663c531-addd-4ae5-a011-523bea311a08" />
      <TestMethod codeBase="/home/runner/work/MonadicPipeline/MonadicPipeline/src/MonadicPipeline.Tests/bin/Release/net8.0/MonadicPipeline.Tests.dll" adapterTypeName="executor://xunit/VsTestRunner2/netcoreapp" className="LangChainPipeline.Tests.ObjectPoolTests" name="RentDisposable_ShouldReturnToPoolOnDispose" />
    </UnitTest>
    <UnitTest name="LangChainPipeline.Tests.DistributedTracingTests.ActivityListener_ShouldReceiveCallbacks" storage="/home/runner/work/monadicpipeline/monadicpipeline/src/monadicpipeline.tests/bin/release/net8.0/monadicpipeline.tests.dll" id="82f27d78-6252-fe53-0239-1f4efa956256">
      <Execution id="8e558847-0e30-466f-aef6-731be1caea15" />
      <TestMethod codeBase="/home/runner/work/MonadicPipeline/MonadicPipeline/src/MonadicPipeline.Tests/bin/Release/net8.0/MonadicPipeline.Tests.dll" adapterTypeName="executor://xunit/VsTestRunner2/netcoreapp" className="LangChainPipeline.Tests.DistributedTracingTests" name="ActivityListener_ShouldReceiveCallbacks" />
    </UnitTest>
    <UnitTest name="LangChainPipeline.Tests.VectorStoreFactoryTests.Create_PineconeTypeWithConnectionString_ThrowsNotImplementedException" storage="/home/runner/work/monadicpipeline/monadicpipeline/src/monadicpipeline.tests/bin/release/net8.0/monadicpipeline.tests.dll" id="6b1d4a1d-17dc-8a68-1f67-db032fae4a4b">
      <Execution id="12494e8f-0cad-4d99-88dd-68651592e593" />
      <TestMethod codeBase="/home/runner/work/MonadicPipeline/MonadicPipeline/src/MonadicPipeline.Tests/bin/Release/net8.0/MonadicPipeline.Tests.dll" adapterTypeName="executor://xunit/VsTestRunner2/netcoreapp" className="LangChainPipeline.Tests.VectorStoreFactoryTests" name="Create_PineconeTypeWithConnectionString_ThrowsNotImplementedException" />
    </UnitTest>
    <UnitTest name="LangChainPipeline.Tests.InputValidatorTests.ValidateAndSanitize_CommandInjectionPatterns_ReturnsFailure(maliciousInput: &quot;$(whoami)&quot;)" storage="/home/runner/work/monadicpipeline/monadicpipeline/src/monadicpipeline.tests/bin/release/net8.0/monadicpipeline.tests.dll" id="a82fe697-d3ba-e539-bfe9-534bc839fb29">
      <Execution id="a5cec965-d713-4f94-9431-4338c1af2496" />
      <TestMethod codeBase="/home/runner/work/MonadicPipeline/MonadicPipeline/src/MonadicPipeline.Tests/bin/Release/net8.0/MonadicPipeline.Tests.dll" adapterTypeName="executor://xunit/VsTestRunner2/netcoreapp" className="LangChainPipeline.Tests.InputValidatorTests" name="ValidateAndSanitize_CommandInjectionPatterns_ReturnsFailure" />
    </UnitTest>
    <UnitTest name="LangChainPipeline.Tests.VectorStoreFactoryTests.Constructor_NullConfig_ThrowsArgumentNullException" storage="/home/runner/work/monadicpipeline/monadicpipeline/src/monadicpipeline.tests/bin/release/net8.0/monadicpipeline.tests.dll" id="1289ce24-8944-3ff7-e807-375ecdf0bf4e">
      <Execution id="bdff078a-1856-4efa-b081-ce5ee3398739" />
      <TestMethod codeBase="/home/runner/work/MonadicPipeline/MonadicPipeline/src/MonadicPipeline.Tests/bin/Release/net8.0/MonadicPipeline.Tests.dll" adapterTypeName="executor://xunit/VsTestRunner2/netcoreapp" className="LangChainPipeline.Tests.VectorStoreFactoryTests" name="Constructor_NullConfig_ThrowsArgumentNullException" />
    </UnitTest>
    <UnitTest name="LangChainPipeline.Tests.EventStoreTests.GetEventsAsync_WithFromVersion_ReturnsEventsFromVersion" storage="/home/runner/work/monadicpipeline/monadicpipeline/src/monadicpipeline.tests/bin/release/net8.0/monadicpipeline.tests.dll" id="fb547dfa-943a-8df0-6cbd-a0c9dd283612">
      <Execution id="c2f3f79d-f93a-4e66-9aad-6236063a4f1d" />
      <TestMethod codeBase="/home/runner/work/MonadicPipeline/MonadicPipeline/src/MonadicPipeline.Tests/bin/Release/net8.0/MonadicPipeline.Tests.dll" adapterTypeName="executor://xunit/VsTestRunner2/netcoreapp" className="LangChainPipeline.Tests.EventStoreTests" name="GetEventsAsync_WithFromVersion_ReturnsEventsFromVersion" />
[...]
    </UnitTest>
    <UnitTest name="LangChainPipeline.Tests.InputValidatorTests.ValidateAndSanitize_SqlInjectionPatterns_ReturnsFailure(maliciousInput: &quot;'; DROP TABLE users--&quot;)" storage="/home/runner/work/monadicpipeline/monadicpipeline/src/monadicpipeline.tests/bin/release/net8.0/monadicpipeline.tests.dll" id="630ff7ec-0f3d-b56d-bf2d-00c75473c5d6">
      <Execution id="da0faf67-7f42-474f-a4e1-fb89da8c8648" />
      <TestMethod codeBase="/home/runner/work/MonadicPipeline/MonadicPipeline/src/MonadicPipeline.Tests/bin/Release/net8.0/MonadicPipeline.Tests.dll" adapterTypeName="executor://xunit/VsTestRunner2/netcoreapp" className="LangChainPipeline.Tests.InputValidatorTests" name="ValidateAndSanitize_SqlInjectionPatterns_ReturnsFailure" />
    </UnitTest>
    <UnitTest name="LangChainPipeline.Tests.EventStoreTests.AppendEventsAsync_MultipleConcurrentWrites_MaintainsConsistency" storage="/home/runner/work/monadicpipeline/monadicpipeline/src/monadicpipeline.tests/bin/release/net8.0/monadicpipeline.tests.dll" id="0fd03b2b-d7bb-7962-86bb-7ac6eef8adef">
      <Execution id="689b8b20-87c0-4dd0-8866-037ab69b35c0" />
      <TestMethod codeBase="/home/runner/work/MonadicPipeline/MonadicPipeline/src/MonadicPipeline.Tests/bin/Release/net8.0/MonadicPipeline.Tests.dll" adapterTypeName="executor://xunit/VsTestRunner2/netcoreapp" className="LangChainPipeline.Tests.EventStoreTests" name="AppendEventsAsync_MultipleConcurrentWrites_MaintainsConsistency" />
    </UnitTest>
    <UnitTest name="LangChainPipeline.Tests.EventStoreTests.AppendEventsAsync_EmptyList_ReturnsCurrentVersion" storage="/home/runner/work/monadicpipeline/monadicpipeline/src/monadicpipeline.tests/bin/release/net8.0/monadicpipeline.tests.dll" id="b08deb2e-abf1-f493-681a-19352b25710d">
      <Execution id="bec6208d-f4e9-48c7-a340-5cdd144c5fa7" />
      <TestMethod codeBase="/home/runner/work/MonadicPipeline/MonadicPipeline/src/MonadicPipeline.Tests/bin/Release/net8.0/MonadicPipeline.Tests.dll" adapterTypeName="executor://xunit/VsTestRunner2/netcoreapp" className="LangChainPipeline.Tests.EventStoreTests" name="AppendEventsAsync_EmptyList_ReturnsCurrentVersion" />
    </UnitTest>
    <UnitTest name="LangChainPipeline.Tests.ObjectPoolTests.Clear_ShouldRemoveAllObjects" storage="/home/runner/work/monadicpipeline/monadicpipeline/src/monadicpipeline.tests/bin/release/net8.0/monadicpipeline.tests.dll" id="acfd6b3f-e9cd-3887-a739-3d609cddc71c">
      <Execution id="de4fd4e7-2885-4bca-9f87-38f6b95c496e" />
      <TestMethod codeBase="/home/runner/work/MonadicPipeline/MonadicPipeline/src/MonadicPipeline.Tests/bin/Release/net8.0/MonadicPipeline.Tests.dll" adapterTypeName="executor://xunit/VsTestRunner2/netcoreapp" className="LangChainPipeline.Tests.ObjectPoolTests" name="Clear_ShouldRemoveAllObjects" />
    </UnitTest>
    <UnitTest name="LangChainPipeline.Tests.InputValidatorTests.ValidationContext_Strict_HasStrictSettings" storage="/home/runner/work/monadicpipeline/monadicpipeline/src/monadicpipeline.tests/bin/release/net8.0/monadicpipeline.tests.dll" id="9fe42304-18c5-94c6-3baa-deaeb1e1ebb1">
      <Execution id="e3a37fce-2b73-43fa-9eec-720e0ec941f2" />
      <TestMethod codeBase="/home/runner/work/MonadicPipeline/MonadicPipeline/src/MonadicPipeline.Tests/bin/Release/net8.0/MonadicPipeline.Tests.dll" adapterTypeName="executor://xunit/VsTestRunner2/netcoreapp" className="LangChainPipeline.Tests.InputValidatorTests" name="ValidationContext_Strict_HasStrictSettings" />
    </UnitTest>
  </TestDefinitions>
  <TestEntries>
    <TestEntry testId="96092dee-936e-b2b3-4f4c-428597ae6b42" executionId="324a1270-8725-4626-bc1b-ba24d2f75f55" testListId="8c84fa94-04c1-424b-9868-57a2d4851a1d" />
    <TestEntry testId="bf276d09-1630-9d61-1b33-1e1247b4a1c0" executionId="641e23ea-b390-4867-bac3-a89e39970ecf" testListId="8c84fa94-04c1-424b-9868-57a2d4851a1d" />
    <TestEntry testId="cb1a5d14-777e-60af-5974-6d71cce12a42" executionId="d9b2e795-ea9d-4297-bdcf-f8e9a4221dce" testListId="8c84fa94-04c1-424b-9868-57a2d4851a1d" />
    <TestEntry testId="7cb92dd1-07be-2795-4670-8bbfc22fa0c6" executionId="416459aa-89e1-43cd-ad15-985ea45c835f" testListId="8c84fa94-04c1-424b-9868-57a2d4851a1d" />
    <TestEntry testId="0ef89d42-02c8-956e-c1ab-86e98a749513" executionId="7d850cf7-4494-4da2-9cf6-e73f04369af6" testListId="8c84fa94-04c1-424b-9868-57a2d4851a1d" />
    <TestEntry testId="a0610798-e2d4-8ccb-05cf-17cc0765c167" executionId="1721a45b-77d7-42a0-a760-d82a15916692" testListId="8c84fa94-04c1-424b-9868-57a2d4851a1d" />
    <TestEntry testId="60f1e3bc-a7ce-7d37-de66-f770e61d77f3" executionId="172dccef-6016-49d8-bd58-c8c57e991298" testListId="8c84fa94-04c1-424b-9868-57a2d4851a1d" />
    <TestEntry testId="8d329e73-2475-ca81-5bc8-4daecb5cbd61" executionId="9f250aee-99c1-4942-b7b7-ae94d04f6ba5" testListId="8c84fa94-04c1-424b-9868-57a2d4851a1d" />
    <TestEntry testId="fc9492e7-9839-fa97-44fa-af6b852e227a" executionId="14319e0c-801f-4652-b6a8-5f52a61ae810" testListId="8c84fa94-04c1-424b-9868-57a2d4851a1d" />
    <TestEntry testId="a8eb54ff-4431-021f-5ab0-9b7ef65ba5fa" executionId="72834057-bb35-41c7-a70c-c4de56e0c3ff" testListId="8c84fa94-04c1-424b-9868-57a2d4851a1d" />
    <TestEntry testId="642b30b4-642d-cea6-1492-1791b08a4797" executionId="315a9cb8-05f9-421d-b016-45c1d5c2cdf0" testListId="8c84fa94-04c1-424b-9868-57a2d4851a1d" />
    <TestEntry testId="9fe42304-18c5-94c6-3baa-deaeb1e1ebb1" executionId="e3a37fce-2b73-43fa-9eec-720e0ec941f2" testListId="8c84fa94-04c1-424b-9868-57a2d4851a1d" />
    <TestEntry testId="a004e310-1d81-4846-0f41-0f745c9f5e7a" executionId="999001e0-d06d-4fce-a8bf-fe0d0df3bbaf" testListId="8c84fa94-04c1-424b-9868-57a2d4851a1d" />
    <TestEntry testId="acdc82b2-4c5a-1e78-9f99-42275cbf44d5" executionId="a761db73-0f55-4f74-8a1a-229350aedb56" testListId="8c84fa94-04c1-424b-9868-57a2d4851a1d" />
    <TestEntry testId="65941db0-d5b6-1e73-a8a2-9a1c756e8da7" executionId="0da0d99e-13e9-4834-9d60-bbd06e271361" testListId="8c84fa94-04c1-424b-9868-57a2d4851a1d" />
    <TestEntry testId="65b8fab0-2953-39ed-1e70-723eb056a350" executionId="ac258a80-0af9-4b39-9fcb-ab685312953f" testListId="8c84fa94-04c1-424b-9868-57a2d4851a1d" />
    <TestEntry testId="01a9485f-97a3-0cec-8319-54145c44fc33" executionId="e567ed8d-cc1a-4a95-a6f0-5241c970017c" testListId="8c84fa94-04c1-424b-9868-57a2d4851a1d" />
    <TestEntry testId="7eb6c6f0-daa4-3b19-799d-71c8ac3fd823" executionId="19f3ec39-7af1-467c-bf7b-11ad2f388bf9" testListId="8c84fa94-04c1-424b-9868-57a2d4851a1d" />
    <TestEntry testId="0003b62b-3bf5-3733-9bdb-ff12c3c7b095" executionId="a7dd6e18-5bdd-42fe-b9b2-ede9136688cc" testListId="8c84fa94-04c1-424b-9868-57a2d4851a1d" />
    <TestEntry testId="6b1d4a1d-17dc-8a68-1f67-db032fae4a4b" executionId="12494e8f-0cad-4d99-88dd-68651592e593" testListId="8c84fa94-04c1-424b-9868-57a2d4851a1d" />
    <TestEntry testId="6e98f77f-084c-694d-246e-987fe64e0922" executionId="95158d4c-e591-41d7-af7f-27f8b8f3f065" testListId="8c84fa94-04c1-424b-9868-57a2d4851a1d" />
    <TestEntry testId="672989fd-4d48-b43f-bf06-080698682bc8" executionId="950e1943-92ab-4a18-9fbd-f1dfead699e3" testListId="8c84fa94-04c1-424b-9868-57a2d4851a1d" />
    <TestEntry testId="2aac75cc-deb4-4ec8-115f-9cf053b4d3d3" executionId="3ee844d0-76af-4b86-894a-7e5ea243bd4f" testListId="8c84fa94-04c1-424b-9868-57a2d4851a1d" />
    <TestEntry testId="7c07eb41-da34-6f38-3190-0c71fc93b507" executionId="71cc8eb8-71c0-4b7a-b619-706c16096eee" testListId="8c84fa94-04c1-424b-9868-57a2d4851a1d" />
    <TestEntry testId="a77760fc-e982-b755-09d7-186c38439a62" executionId="28a55829-a67a-4bf9-b6e6-35c8ee57ac12" testListId="8c84fa94-04c1-424b-9868-57a2d4851a1d" />
    <TestEntry testId="06fe46e1-fba2-e631-926f-7e4c5aa6df5c" executionId="0d9cfbb9-0a52-4278-9c48-fd12234b6322" testListId="8c84fa94-04c1-424b-9868-57a2d4851a1d" />
    <TestEntry testId="d28be55a-f571-cda3-daa7-7023e13fe465" executionId="cf88e43f-9750-4f5c-be44-ead12d19354d" testListId="8c84fa94-04c1-424b-9868-57a2d4851a1d" />
    <TestEntry testId="3ffd902f-3313-7ad6-f9a3-ef4a21855352" executionId="737caa98-85c6-4d3d-a5d7-7a73ace34cbb" testListId="8c84fa94-04c1-424b-9868-57a2d4851a1d" />
    <TestEntry testId="8eb3b5bc-6a67-05fa-efe8-eb92e4b8bdf0" executionId="dde411e4-87de-4e63-9de4-0045c1f1fcb4" testListId="8c84fa94-04c1-424b-9868-57a2d4851a1d" />
    <TestEntry testId="d82fd10e-49c5-31b5-b5fd-57fb66d38d89" executionId="c45e5e94-cefb-4302-bf07-223ee6739401" testListId="8c84fa94-04c1-424b-9868-57a2d4851a1d" />
    <TestEntry testId="fb547dfa-943a-8df0-6cbd-a0c9dd283612" executionId="c2f3f79d-f93a-4e66-9aad-6236063a4f1d" testListId="8c84fa94-04c1-424b-9868-57a2d4851a1d" />
    <TestEntry testId="92a4266c-b2c7-8e15-57dc-3df859f9bd3e" executionId="ade3a680-a54f-4653-8d14-e2344b3ba304" testListId="8c84fa94-04c1-424b-9868-57a2d4851a1d" />
    <TestEntry testId="f987c446-1e13-b36a-2393-97fab5758277" executionId="ce7407ca-9c90-491f-ad2f-cc4fcb7a931f" testListId="8c84fa94-04c1-424b-9868-57a2d4851a1d" />
    <TestEntry testId="1dda650a-ad22-c59b-c48d-1c9e3c35d253" executionId="1457ce8b-d78f-41c9-bdbc-14142491bc37" testListId="8c84fa94-04c1-424b-9868-57a2d4851a1d" />
    <TestEntry testId="acfd6b3f-e9cd-3887-a739-3d609cddc71c" executionId="de4fd4e7-2885-4bca-9f87-38f6b95c496e" testListId="8c84fa94-04c1-424b-9868-57a2d4851a1d" />
    <TestEntry testId="a133617d-3f55-380b-eb3a-88e0209a996e" executionId="3fe1a8ec-3849-4d4e-b37d-08f92f52f968" testListId="8c84fa94-04c1-424b-9868-57a2d4851a1d" />
    <TestEntry testId="e60e5c5a-bd53-bd3f-5490-455ea9a78fc7" executionId="dd0f0e46-c97e-49c9-af51-50878418a178" testListId="8c84fa94-04c1-424b-9868-57a2d4851a1d" />
    <TestEntry testId="74da3428-c93d-4462-3433-d9a261ba7c3d" executionId="42b53271-3f6b-4dac-98f1-392896fc8709" testListId="8c84fa94-04c1-424b-9868-57a2d4851a1d" />
    <TestEntry testId="c00c7b55-427a-7f17-9321-1df0966c3e2d" executionId="2bf12cef-80b7-4ee9-b35a-b96da591946b" testListId="8c84fa94-04c1-424b-9868-57a2d4851a1d" />
    <TestEntry testId="a8058564-099b-13a3-90e6-813b36536a98" executionId="0edccf67-7c29-4c63-a72d-fac50e2042e4" testListId="8c84fa94-04c1-424b-9868-57a2d4851a1d" />
    <TestEntry testId="5bda526a-0f24-d399-e24b-9aea2f7e4fdb" executionId="169c15ed-637f-4eca-93e8-5a48f4389b1c" testListId="8c84fa94-04c1-424b-9868-57a2d4851a1d" />
    <TestEntry testId="113a6072-c16f-bd96-1282-715dbd298438" executionId="413b19b0-33fa-41f1-9bb8-4205930a2ef4" testListId="8c84fa94-04c1-424b-9868-57a2d4851a1d" />
    <TestEntry testId="8ad50eec-3adc-b193-be98-dcd5a0791f5d" executionId="40050036-78d2-4f9c-94e7-daad685789f3" testListId="8c84fa94-04c1-424b-9868-57a2d4851a1d" />
    <TestEntry testId="83bc5a02-a36c-3731-ace4-06b765f8b4cb" executionId="415a95c4-d8a4-4978-bd32-77fc5bfa08c0" testListId="8c84fa94-04c1-424b-9868-57a2d4851a1d" />
    <TestEntry testId="1289ce24-8944-3ff7-e807-375ecdf0bf4e" executionId="bdff078a-1856-4efa-b081-ce5ee3398739" testListId="8c84fa94-04c1-424b-9868-57a2d4851a1d" />
    <TestEntry testId="edc4b757-66db-0fc3-1b82-f5ed90dc7890" executionId="8c4f05c1-07d8-4f39-b778-1ff02066d798" testListId="8c84fa94-04c1-424b-9868-57a2d4851a1d" />
    <TestEntry testId="f29f70d4-b233-6b7d-ddc6-e4fd869b0bb8" executionId="24d3217e-40d2-4e69-9418-38d2a8e0bb2a" testListId="8c84fa94-04c1-424b-9868-57a2d4851a1d" />
    <TestEntry testId="e53ab8d9-b94a-ddc0-d2b3-479e25008985" executionId="811226f9-94fc-4bbd-bfcc-92888616ddcb" testListId="8c84fa94-04c1-424b-9868-57a2d4851a1d" />
    <TestEntry testId="49e324fe-4294-241d-eb3e-a6b2cf35a02c" executionId="8a616e93-10e2-4e05-bea0-d769a5b5b0e6" testListId="8c84fa94-04c1-424b-9868-57a2d4851a1d" />
    <TestEntry testId="bc592957-f493-2ff3-33e8-e077bd7c6cc5" executionId="0fe50a74-20d6-49ca-8fb5-89d0f07aea33" testListId="8c84fa94-04c1-424b-9868-57a2d4851a1d" />
    <TestEntry testId="a3a2b6ce-f75d-c20c-a21e-30cc28cc5ee0" executionId="8db8e83c-2354-4b0c-8223-e5ba25edd54c" testListId="8c84fa94-04c1-424b-9868-57a2d4851a1d" />
    <TestEntry testId="e1d8b159-3192-7e5d-5bf5-062a8f3b58a5" executionId="62f0ff20-5a06-4a5c-835e-98aeb80c65b5" testListId="8c84fa94-04c1-424b-9868-57a2d4851a1d" />
    <TestEntry testId="998850e1-0347-73e6-19fb-337fadf3eec9" executionId="26a0e201-b72f-4db5-bcc9-4749104125e7" testListId="8c84fa94-04c1-424b-9868-57a2d4851a1d" />
    <TestEntry testId="d8e53d97-5e39-c512-70ea-b8a82abd37f3" executionId="a1f3b69a-0ca5-4038-a479-07bd965e0d86" testListId="8c84fa94-04c1-424b-9868-57a2d4851a1d" />
    <TestEntry testId="dfff2e1a-02d7-9b0f-4f75-dd838d27ef31" executionId="90fa6a03-9113-45ad-ab41-83b6a689c4d6" testListId="8c84fa94-04c1-424b-9868-57a2d4851a1d" />
    <TestEntry testId="4275fc27-0f92-086e-df17-23a48b235b25" executionId="827c2d53-e5d2-47be-add5-078e6890828f" testListId="8c84fa94-04c1-424b-9868-57a2d4851a1d" />
    <TestEntry testId="1d5c331d-066c-b4a5-4785-8c5219369361" executionId="63df67d5-4c48-4937-bcd8-82462a577f3b" testListId="8c84fa94-04c1-424b-9868-57a2d4851a1d" />
    <TestEntry testId="e8534a93-d132-c86b-cf1b-aae2550183f3" executionId="14fc65fd-1204-4e9f-b3a4-798919d76d0f" testListId="8c84fa94-04c1-424b-9868-57a2d4851a1d" />
    <TestEntry testId="80e6b694-fff1-cf02-0c21-26bf8696c652" executionId="8f50d169-94d7-4707-84eb-f4b62bf1250d" testListId="8c84fa94-04c1-424b-9868-57a2d4851a1d" />
    <TestEntry testId="7a957467-d403-bf3b-a2e2-94218cbd7f23" executionId="68a40f9f-b9d9-410e-9060-98465655f88f" testListId="8c84fa94-04c1-424b-9868-57a2d4851a1d" />
    <TestEntry testId="a82fe697-d3ba-e539-bfe9-534bc839fb29" executionId="a5cec965-d713-4f94-9431-4338c1af2496" testListId="8c84fa94-04c1-424b-9868-57a2d4851a1d" />
    <TestEntry testId="3302dfc1-010b-6bf2-aaa9-0e84dbf8e5f7" executionId="8b88206a-8acf-400d-9ffa-38f99bad9c97" testListId="8c84fa94-04c1-424b-9868-57a2d4851a1d" />
    <TestEntry testId="70bb9dc4-ec40-9f41-724a-341432294871" executionId="4efefd8c-a0f2-48bc-a67e-28e3560f879d" testListId="8c84fa94-04c1-424b-9868-57a2d4851a1d" />
    <TestEntry testId="105a01c4-30f1-37e6-769f-bc928a430d34" executionId="273a15f1-48e4-4d60-b441-8f38d0c84418" testListId="8c84fa94-04c1-424b-9868-57a2d4851a1d" />
    <TestEntry testId="4a9f57db-3010-150d-ab05-ed7573abb817" executionId="d4d1e9cb-efd3-456c-95c6-821b9e7035db" testListId="8c84fa94-04c1-424b-9868-57a2d4851a1d" />
    <TestEntry testId="b08deb2e-abf1-f493-681a-19352b25710d" executionId="bec6208d-f4e9-48c7-a340-5cdd144c5fa7" testListId="8c84fa94-04c1-424b-9868-57a2d4851a1d" />
    <TestEntry testId="fd415ec9-7e80-37df-fbd9-5515a4895749" executionId="9b05f904-6837-4d69-b319-b9ad8c91d9f6" testListId="8c84fa94-04c1-424b-9868-57a2d4851a1d" />
    <TestEntry testId="82f27d78-6252-fe53-0239-1f4efa956256" executionId="8e558847-0e30-466f-aef6-731be1caea15" testListId="8c84fa94-04c1-424b-9868-57a2d4851a1d" />
    <TestEntry testId="3b57f12c-a1da-b6da-5330-1e1b0219d292" executionId="369bf268-fe1b-4cfc-a661-c0c2099247fa" testListId="8c84fa94-04c1-424b-9868-57a2d4851a1d" />
    <TestEntry testId="d8d123d1-79e6-c3e6-7fcc-047371dea246" executionId="4aecb3ed-bbcc-4290-8371-d61e4a7b08e7" testListId="8c84fa94-04c1-424b-9868-57a2d4851a1d" />
    <TestEntry testId="0fd03b2b-d7bb-7962-86bb-7ac6eef8adef" executionId="689b8b20-87c0-4dd0-8866-037ab69b35c0" testListId="8c84fa94-04c1-424b-9868-57a2d4851a1d" />
    <TestEntry testId="c0a344b5-a892-4e0a-c182-f8d5e5b08f71" executionId="1042d838-e182-487e-a78d-897bee977a2f" testListId="8c84fa94-04c1-424b-9868-57a2d4851a1d" />
    <TestEntry testId="393b32a5-a7fd-821c-6072-9d7e150027b6" executionId="6dfae633-9802-4ed2-9911-6af4ba355f17" testListId="8c84fa94-04c1-424b-9868-57a2d4851a1d" />
    <TestEntry testId="576f6b4b-3f99-d5da-c909-3c76f460904b" executionId="ac065bbf-366c-4205-b625-15ce870c6506" testListId="8c84fa94-04c1-424b-9868-57a2d4851a1d" />
    <TestEntry testId="52d350e4-4cd5-228c-5b1e-ea845bc6bc97" executionId="684153bc-96ea-4df5-98c9-a5c96fb7b6dd" testListId="8c84fa94-04c1-424b-9868-57a2d4851a1d" />
    <TestEntry testId="1df30da6-604e-57a5-da22-bea454426594" executionId="c284b068-631f-404e-aacb-6975c84f91a6" testListId="8c84fa94-04c1-424b-9868-57a2d4851a1d" />
    <TestEntry testId="c5bc6d9c-aa88-8210-31a5-b7732b115d7d" executionId="91fb3f5d-f6f5-4c66-a115-5d9d48efcd50" testListId="8c84fa94-04c1-424b-9868-57a2d4851a1d" />
    <TestEntry testId="a0d91e4b-91f1-6e68-cacd-6a44853dc64c" executionId="2004e555-afe6-4d4d-a6d3-a22750759cc1" testListId="8c84fa94-04c1-424b-9868-57a2d4851a1d" />
    <TestEntry testId="b072ebcc-6f24-a56b-58fa-e5b36e059bfa" executionId="0929202b-3988-41e4-bbef-5f8f01b1d526" testListId="8c84fa94-04c1-424b-9868-57a2d4851a1d" />
    <TestEntry testId="c183d8f9-0894-e428-722d-fe486085c3eb" executionId="9898ae9e-be81-4da6-a540-4ebaac6e373f" testListId="8c84fa94-04c1-424b-9868-57a2d4851a1d" />
    <TestEntry testId="b313ade2-3c5e-3190-67bd-4942f351ff25" executionId="19bf624b-2012-4047-8735-48e39f35079e" testListId="8c84fa94-04c1-424b-9868-57a2d4851a1d" />
    <TestEntry testId="63e40e3e-9489-f08c-6f63-cea0efabf0e0" executionId="f41141ea-1af1-484a-96f1-fdefef18c70d" testListId="8c84fa94-04c1-424b-9868-57a2d4851a1d" />
    <TestEntry testId="bc1d4b98-0ee9-c798-135f-1ce12fda3f61" executionId="7460745e-ffe4-49c6-b155-8fe007da7b8f" testListId="8c84fa94-04c1-424b-9868-57a2d4851a1d" />
    <TestEntry testId="bc128e3c-b28c-ddf4-920a-3260457bfa64" executionId="c7470a4c-d44c-418e-aa15-4fd5cbd3bc04" testListId="8c84fa94-04c1-424b-9868-57a2d4851a1d" />
    <TestEntry testId="41277ad1-e582-7d31-c982-da5d95ee3d51" executionId="ac042ad0-5e7f-431f-9344-6e223db06cb9" testListId="8c84fa94-04c1-424b-9868-57a2d4851a1d" />
    <TestEntry testId="ab3eb70d-5cb2-992d-8de1-0495a122e100" executionId="221d8295-c03a-489f-92d7-c03ba5fd1180" testListId="8c84fa94-04c1-424b-9868-57a2d4851a1d" />
    <TestEntry testId="30a19ec0-49fa-8e84-b4f0-b39d522cc636" executionId="5ddbf713-7ab0-49d6-a032-cb7aef2fbb56" testListId="8c84fa94-04c1-424b-9868-57a2d4851a1d" />
    <TestEntry testId="1b46823c-5c46-ef36-78e2-430a9a514a32" executionId="c5e875a3-51df-4401-a76a-bca89f453efe" testListId="8c84fa94-04c1-424b-9868-57a2d4851a1d" />
    <TestEntry testId="4cdd5a57-d93e-2753-37ae-44fd3e2054b8" executionId="fe602843-f099-462f-a7f1-ec35d848c5df" testListId="8c84fa94-04c1-424b-9868-57a2d4851a1d" />
    <TestEntry testId="948c21aa-f548-f6e4-9577-5fb87e745e3c" executionId="6663c531-addd-4ae5-a011-523bea311a08" testListId="8c84fa94-04c1-424b-9868-57a2d4851a1d" />
    <TestEntry testId="630ff7ec-0f3d-b56d-bf2d-00c75473c5d6" executionId="da0faf67-7f42-474f-a4e1-fb89da8c8648" testListId="8c84fa94-04c1-424b-9868-57a2d4851a1d" />
    <TestEntry testId="edbe40d4-8e32-5e31-a79b-f476f364444c" executionId="e7400878-e3fa-4c6e-b43b-9a90073999f5" testListId="8c84fa94-04c1-424b-9868-57a2d4851a1d" />
    <TestEntry testId="83ac5c7f-9a56-ba84-2f6b-e17f2a2c780e" executionId="39f9a276-97c6-4b78-8974-35633bf30c59" testListId="8c84fa94-04c1-424b-9868-57a2d4851a1d" />
    <TestEntry testId="68732cac-e9b7-fe1a-01eb-6365e3feaf5e" executionId="bc8e5d8b-b5df-4157-af59-fd2beaf0a46d" testListId="8c84fa94-04c1-424b-9868-57a2d4851a1d" />
  </TestEntries>
  <TestLists>
    <TestList name="Results Not in a List" id="8c84fa94-04c1-424b-9868-57a2d4851a1d" />
    <TestList name="All Loaded Results" id="19431567-8539-422a-85d7-44ee4e166bda" />
  </TestLists>
  <ResultSummary outcome="Completed">
    <Counters total="94" executed="94" passed="94" failed="0" error="0" timeout="0" aborted="0" inconclusive="0" passedButRunAborted="0" notRunnable="0" notExecuted="0" disconnected="0" warning="0" completed="0" inProgress="0" pending="0" />
    <Output>
      <StdOut>[xUnit.net 00:00:00.00] xUnit.net VSTest Adapter v2.5.6+bf9b858c26 (64-bit .NET 8.0.20)
[xUnit.net 00:00:00.19]   Discovering: MonadicPipeline.Tests
[xUnit.net 00:00:00.36]   Discovered:  MonadicPipeline.Tests
[xUnit.net 00:00:00.36]   Starting:    MonadicPipeline.Tests
[xUnit.net 00:00:00.63]   Finished:    MonadicPipeline.Tests
</StdOut>
    </Output>
  </ResultSummary>
</TestRun>